[    0.000000] Initializing cgroup subsys cpuset
[    0.000000] Initializing cgroup subsys cpu
[    0.000000] Initializing cgroup subsys cpuacct
[    0.000000] Linux version 4.4.0-169-generic (buildd@lgw01-amd64-038) (gcc version 5.4.0 20160609 (Ubuntu 5.4.0-6ubuntu1~16.04.12) ) #198-Ubuntu SMP Tue Nov 12 10:38:00 UTC 2019 (Ubuntu 4.4.0-169.198-generic 4.4.197)
[    0.000000] Command line: BOOT_IMAGE=/boot/vmlinuz-4.4.0-169-generic root=LABEL=cloudimg-rootfs ro console=tty1 console=ttyS0
[    0.000000] KERNEL supported cpus:
[    0.000000]   Intel GenuineIntel
[    0.000000]   AMD AuthenticAMD
[    0.000000]   Centaur CentaurHauls
[    0.000000] x86/fpu: xstate_offset[2]:  576, xstate_sizes[2]:  256
[    0.000000] x86/fpu: Supporting XSAVE feature 0x01: 'x87 floating point registers'
[    0.000000] x86/fpu: Supporting XSAVE feature 0x02: 'SSE registers'
[    0.000000] x86/fpu: Supporting XSAVE feature 0x04: 'AVX registers'
[    0.000000] x86/fpu: Enabled xstate features 0x7, context size is 832 bytes, using 'standard' format.
[    0.000000] e820: BIOS-provided physical RAM map:
[    0.000000] BIOS-e820: [mem 0x0000000000000000-0x000000000009fbff] usable
[    0.000000] BIOS-e820: [mem 0x000000000009fc00-0x000000000009ffff] reserved
[    0.000000] BIOS-e820: [mem 0x00000000000f0000-0x00000000000fffff] reserved
[    0.000000] BIOS-e820: [mem 0x0000000000100000-0x000000001ffeffff] usable
[    0.000000] BIOS-e820: [mem 0x000000001fff0000-0x000000001fffffff] ACPI data
[    0.000000] BIOS-e820: [mem 0x00000000fec00000-0x00000000fec00fff] reserved
[    0.000000] BIOS-e820: [mem 0x00000000fee00000-0x00000000fee00fff] reserved
[    0.000000] BIOS-e820: [mem 0x00000000fffc0000-0x00000000ffffffff] reserved
[    0.000000] NX (Execute Disable) protection: active
[    0.000000] SMBIOS 2.5 present.
[    0.000000] Hypervisor detected: KVM
[    0.000000] e820: last_pfn = 0x1fff0 max_arch_pfn = 0x400000000
[    0.000000] MTRR: Disabled
[    0.000000] x86/PAT: MTRRs disabled, skipping PAT initialization too.
[    0.000000] CPU MTRRs all blank - virtualized system.
[    0.000000] x86/PAT: Configuration [0-7]: WB  WT  UC- UC  WB  WT  UC- UC  
[    0.000000] found SMP MP-table at [mem 0x0009fff0-0x0009ffff] mapped at [ffff88000009fff0]
[    0.000000] Scanning 1 areas for low memory corruption
[    0.000000] RAMDISK: [mem 0x1e899000-0x1f717fff]
[    0.000000] ACPI: Early table checksum verification disabled
[    0.000000] ACPI: RSDP 0x00000000000E0000 000024 (v02 VBOX  )
[    0.000000] ACPI: XSDT 0x000000001FFF0030 00003C (v01 VBOX   VBOXXSDT 00000001 ASL  00000061)
[    0.000000] ACPI: FACP 0x000000001FFF00F0 0000F4 (v04 VBOX   VBOXFACP 00000001 ASL  00000061)
[    0.000000] ACPI: DSDT 0x000000001FFF0470 0022EA (v02 VBOX   VBOXBIOS 00000002 INTL 20190816)
[    0.000000] ACPI: FACS 0x000000001FFF0200 000040
[    0.000000] ACPI: FACS 0x000000001FFF0200 000040
[    0.000000] ACPI: APIC 0x000000001FFF0240 00005C (v02 VBOX   VBOXAPIC 00000001 ASL  00000061)
[    0.000000] ACPI: SSDT 0x000000001FFF02A0 0001CC (v01 VBOX   VBOXCPUT 00000002 INTL 20190816)
[    0.000000] No NUMA configuration found
[    0.000000] Faking a node at [mem 0x0000000000000000-0x000000001ffeffff]
[    0.000000] NODE_DATA(0) allocated [mem 0x1ffeb000-0x1ffeffff]
[    0.000000] kvm-clock: Using msrs 4b564d01 and 4b564d00
[    0.000000] kvm-clock: cpu 0, msr 0:1ffe3001, primary cpu clock
[    0.000000] kvm-clock: using sched offset of 3000486437 cycles
[    0.000000] clocksource: kvm-clock: mask: 0xffffffffffffffff max_cycles: 0x1cd42e4dffb, max_idle_ns: 881590591483 ns
[    0.000000] Zone ranges:
[    0.000000]   DMA      [mem 0x0000000000001000-0x0000000000ffffff]
[    0.000000]   DMA32    [mem 0x0000000001000000-0x000000001ffeffff]
[    0.000000]   Normal   empty
[    0.000000]   Device   empty
[    0.000000] Movable zone start for each node
[    0.000000] Early memory node ranges
[    0.000000]   node   0: [mem 0x0000000000001000-0x000000000009efff]
[    0.000000]   node   0: [mem 0x0000000000100000-0x000000001ffeffff]
[    0.000000] Initmem setup node 0 [mem 0x0000000000001000-0x000000001ffeffff]
[    0.000000] ACPI: PM-Timer IO Port: 0x4008
[    0.000000] IOAPIC[0]: apic_id 2, version 32, address 0xfec00000, GSI 0-23
[    0.000000] ACPI: INT_SRC_OVR (bus 0 bus_irq 0 global_irq 2 dfl dfl)
[    0.000000] ACPI: INT_SRC_OVR (bus 0 bus_irq 9 global_irq 9 low level)
[    0.000000] Using ACPI (MADT) for SMP configuration information
[    0.000000] smpboot: Allowing 2 CPUs, 0 hotplug CPUs
[    0.000000] PM: Registered nosave memory: [mem 0x00000000-0x00000fff]
[    0.000000] PM: Registered nosave memory: [mem 0x0009f000-0x0009ffff]
[    0.000000] PM: Registered nosave memory: [mem 0x000a0000-0x000effff]
[    0.000000] PM: Registered nosave memory: [mem 0x000f0000-0x000fffff]
[    0.000000] e820: [mem 0x20000000-0xfebfffff] available for PCI devices
[    0.000000] Booting paravirtualized kernel on KVM
[    0.000000] clocksource: refined-jiffies: mask: 0xffffffff max_cycles: 0xffffffff, max_idle_ns: 7645519600211568 ns
[    0.000000] setup_percpu: NR_CPUS:512 nr_cpumask_bits:512 nr_cpu_ids:2 nr_node_ids:1
[    0.000000] PERCPU: Embedded 33 pages/cpu @ffff88001fc00000 s95448 r8192 d31528 u1048576
[    0.000000] Built 1 zonelists in Node order, mobility grouping on.  Total pages: 128888
[    0.000000] Policy zone: DMA32
[    0.000000] Kernel command line: BOOT_IMAGE=/boot/vmlinuz-4.4.0-169-generic root=LABEL=cloudimg-rootfs ro console=tty1 console=ttyS0
[    0.000000] PID hash table entries: 2048 (order: 2, 16384 bytes)
[    0.000000] Memory: 481632K/523832K available (8623K kernel code, 1336K rwdata, 4036K rodata, 1488K init, 1288K bss, 42200K reserved, 0K cma-reserved)
[    0.000000] SLUB: HWalign=64, Order=0-3, MinObjects=0, CPUs=2, Nodes=1
[    0.000000] Kernel/User page tables isolation: enabled
[    0.000000] Hierarchical RCU implementation.
[    0.000000] 	Build-time adjustment of leaf fanout to 64.
[    0.000000] 	RCU restricting CPUs from NR_CPUS=512 to nr_cpu_ids=2.
[    0.000000] RCU: Adjusting geometry for rcu_fanout_leaf=64, nr_cpu_ids=2
[    0.000000] NR_IRQS:33024 nr_irqs:440 16
[    0.000000] Console: colour VGA+ 80x25
[    0.000000] console [tty1] enabled
[    0.000000] console [ttyS0] enabled
[    0.000000] tsc: Detected 3599.998 MHz processor
[    0.082302] Calibrating delay loop (skipped) preset value.. 7199.99 BogoMIPS (lpj=14399992)
[    0.083429] pid_max: default: 32768 minimum: 301
[    0.084014] ACPI: Core revision 20150930
[    0.085101] ACPI: 2 ACPI AML tables successfully acquired and loaded
[    0.085983] Security Framework initialized
[    0.086488] Yama: becoming mindful.
[    0.087023] AppArmor: AppArmor initialized
[    0.087568] Dentry cache hash table entries: 65536 (order: 7, 524288 bytes)
[    0.088409] Inode-cache hash table entries: 32768 (order: 6, 262144 bytes)
[    0.089603] Mount-cache hash table entries: 1024 (order: 1, 8192 bytes)
[    0.090523] Mountpoint-cache hash table entries: 1024 (order: 1, 8192 bytes)
[    0.091458] Initializing cgroup subsys io
[    0.092102] Initializing cgroup subsys memory
[    0.092727] Initializing cgroup subsys devices
[    0.093328] Initializing cgroup subsys freezer
[    0.093930] Initializing cgroup subsys net_cls
[    0.094482] Initializing cgroup subsys perf_event
[    0.095053] Initializing cgroup subsys net_prio
[    0.095609] Initializing cgroup subsys hugetlb
[    0.096156] Initializing cgroup subsys pids
[    0.097691] mce: CPU supports 0 MCE banks
[    0.098384] Last level iTLB entries: 4KB 128, 2MB 8, 4MB 8
[    0.099121] Last level dTLB entries: 4KB 64, 2MB 0, 4MB 0, 1GB 4
[    0.099922] Spectre V1 : Mitigation: usercopy/swapgs barriers and __user pointer sanitization
[    0.101005] Spectre V2 : Mitigation: Full generic retpoline
[    0.101652] Spectre V2 : Spectre v2 / SpectreRSB mitigation: Filling RSB on context switch
[    0.102760] Speculative Store Bypass: Vulnerable
[    0.103379] MDS: Vulnerable: Clear CPU buffers attempted, no microcode
[    0.105976] Freeing SMP alternatives memory: 36K
[    0.110783] ftrace: allocating 32301 entries in 127 pages
[    0.152421] smpboot: APIC(0) Converting physical 0 to logical package 0
[    0.153218] smpboot: Max logical packages: 1
[    0.153985] x2apic enabled
[    0.154580] Switched APIC routing to physical x2apic.
[    0.155975] ..TIMER: vector=0x30 apic1=0 pin1=2 apic2=-1 pin2=-1
[    0.264748] smpboot: CPU0: Intel(R) Core(TM) i5-8600K CPU @ 3.60GHz (family: 0x6, model: 0x9e, stepping: 0xa)
[    0.266189] Performance Events: unsupported p6 CPU model 158 no PMU driver, software events only.
[    0.275263] KVM setup paravirtual spinlock
[    0.276345] x86: Booting SMP configuration:
[    0.276946] .... node  #0, CPUs:      #1
[    0.277565] kvm-clock: cpu 1, msr 0:1ffe3041, secondary cpu clock
[    0.279031] mce: CPU supports 0 MCE banks
[    0.281391] x86: Booted up 1 node, 2 CPUs
[    0.282101] smpboot: Total of 2 processors activated (14399.99 BogoMIPS)
[    0.283600] devtmpfs: initialized
[    0.285489] evm: security.selinux
[    0.285988] evm: security.SMACK64
[    0.286485] evm: security.SMACK64EXEC
[    0.287001] evm: security.SMACK64TRANSMUTE
[    0.287552] evm: security.SMACK64MMAP
[    0.288073] evm: security.ima
[    0.288523] evm: security.capability
[    0.289231] clocksource: jiffies: mask: 0xffffffff max_cycles: 0xffffffff, max_idle_ns: 7645041785100000 ns
[    0.290426] futex hash table entries: 512 (order: 3, 32768 bytes)
[    0.291277] pinctrl core: initialized pinctrl subsystem
[    0.292012] RTC time:  8:40:14, date: 11/17/19
[    0.292766] NET: Registered protocol family 16
[    0.304340] cpuidle: using governor ladder
[    0.315891] cpuidle: using governor menu
[    0.316495] PCCT header not found.
[    0.317077] ACPI: bus type PCI registered
[    0.317774] acpiphp: ACPI Hot Plug PCI Controller Driver version: 0.5
[    0.318629] PCI: Using configuration type 1 for base access
[    0.332755] ACPI: Added _OSI(Module Device)
[    0.333409] ACPI: Added _OSI(Processor Device)
[    0.333986] ACPI: Added _OSI(3.0 _SCP Extensions)
[    0.334583] ACPI: Added _OSI(Processor Aggregator Device)
[    0.335718] ACPI: Executed 1 blocks of module-level executable AML code
[    0.338137] ACPI: Interpreter enabled
[    0.339420] ACPI: (supports S0 S5)
[    0.340277] ACPI: Using IOAPIC for interrupt routing
[    0.340997] PCI: Using host bridge windows from ACPI; if necessary, use "pci=nocrs" and report a bug
[    0.344447] ACPI: PCI Root Bridge [PCI0] (domain 0000 [bus 00-ff])
[    0.345194] acpi PNP0A03:00: _OSC: OS supports [ASPM ClockPM Segments MSI]
[    0.346241] acpi PNP0A03:00: _OSC: not requesting OS control; OS requires [ExtendedConfig ASPM ClockPM MSI]
[    0.347426] acpi PNP0A03:00: fail to add MMCONFIG information, can't access extended PCI configuration space under this bridge.
[    0.349023] PCI host bridge to bus 0000:00
[    0.349616] pci_bus 0000:00: root bus resource [io  0x0000-0x0cf7 window]
[    0.350413] pci_bus 0000:00: root bus resource [io  0x0d00-0xffff window]
[    0.351230] pci_bus 0000:00: root bus resource [mem 0x000a0000-0x000bffff window]
[    0.352262] pci_bus 0000:00: root bus resource [mem 0x20000000-0xfdffffff window]
[    0.353257] pci_bus 0000:00: root bus resource [bus 00-ff]
[    0.354989] pci 0000:00:01.1: legacy IDE quirk: reg 0x10: [io  0x01f0-0x01f7]
[    0.355834] pci 0000:00:01.1: legacy IDE quirk: reg 0x14: [io  0x03f6]
[    0.356621] pci 0000:00:01.1: legacy IDE quirk: reg 0x18: [io  0x0170-0x0177]
[    0.357495] pci 0000:00:01.1: legacy IDE quirk: reg 0x1c: [io  0x0376]
[    0.372110] pci 0000:00:07.0: quirk: [io  0x4000-0x403f] claimed by PIIX4 ACPI
[    0.373087] pci 0000:00:07.0: quirk: [io  0x4100-0x410f] claimed by PIIX4 SMB
[    0.377700] ACPI: PCI Interrupt Link [LNKA] (IRQs 5 9 10 *11)
[    0.378930] ACPI: PCI Interrupt Link [LNKB] (IRQs 5 9 *10 11)
[    0.379911] ACPI: PCI Interrupt Link [LNKC] (IRQs 5 *9 10 11)
[    0.380937] ACPI: PCI Interrupt Link [LNKD] (IRQs 5 9 10 *11)
[    0.382057] ACPI: Enabled 2 GPEs in block 00 to 07
[    0.382960] vgaarb: setting as boot device: PCI:0000:00:02.0
[    0.383674] vgaarb: device added: PCI:0000:00:02.0,decodes=io+mem,owns=io+mem,locks=none
[    0.384762] vgaarb: loaded
[    0.385191] vgaarb: bridge control possible 0000:00:02.0
[    0.386042] SCSI subsystem initialized
[    0.386660] ACPI: bus type USB registered
[    0.387245] usbcore: registered new interface driver usbfs
[    0.387947] usbcore: registered new interface driver hub
[    0.388645] usbcore: registered new device driver usb
[    0.389480] PCI: Using ACPI for IRQ routing
[    0.390236] NetLabel: Initializing
[    0.390725] NetLabel:  domain hash size = 128
[    0.391307] NetLabel:  protocols = UNLABELED CIPSOv4
[    0.391971] NetLabel:  unlabeled traffic allowed by default
[    0.392754] amd_nb: Cannot enumerate AMD northbridges
[    0.393447] clocksource: Switched to clocksource kvm-clock
[    0.397909] AppArmor: AppArmor Filesystem Enabled
[    0.398575] pnp: PnP ACPI init
[    0.399508] pnp: PnP ACPI: found 3 devices
[    0.407458] clocksource: acpi_pm: mask: 0xffffff max_cycles: 0xffffff, max_idle_ns: 2085701024 ns
[    0.408613] NET: Registered protocol family 2
[    0.409297] TCP established hash table entries: 4096 (order: 3, 32768 bytes)
[    0.410163] TCP bind hash table entries: 4096 (order: 4, 65536 bytes)
[    0.410960] TCP: Hash tables configured (established 4096 bind 4096)
[    0.411710] UDP hash table entries: 256 (order: 1, 8192 bytes)
[    0.412418] UDP-Lite hash table entries: 256 (order: 1, 8192 bytes)
[    0.413161] NET: Registered protocol family 1
[    0.413762] pci 0000:00:00.0: Limiting direct PCI/PCI transfers
[    0.414485] pci 0000:00:01.0: Activating ISA DMA hang workarounds
[    0.415612] Unpacking initramfs...
[    0.558161] Freeing initrd memory: 14844K
[    0.558908] clocksource: tsc: mask: 0xffffffffffffffff max_cycles: 0x33e451ab1a6, max_idle_ns: 440795278720 ns
[    0.560129] platform rtc_cmos: registered platform RTC device (no PNP device found)
[    0.561188] Scanning for low memory corruption every 60 seconds
[    0.562250] audit: initializing netlink subsys (disabled)
[    0.562954] audit: type=2000 audit(1573980018.861:1): initialized
[    0.563891] Initialise system trusted keyring
[    0.564784] HugeTLB registered 2 MB page size, pre-allocated 0 pages
[    0.566386] zbud: loaded
[    0.567158] VFS: Disk quotas dquot_6.6.0
[    0.567744] VFS: Dquot-cache hash table entries: 512 (order 0, 4096 bytes)
[    0.568670] squashfs: version 4.0 (2009/01/31) Phillip Lougher
[    0.569589] fuse init (API version 7.23)
[    0.570232] Key type big_key registered
[    0.570763] Allocating IMA MOK and blacklist keyrings.
[    0.580946] Key type asymmetric registered
[    0.581516] Asymmetric key parser 'x509' registered
[    0.582209] Block layer SCSI generic (bsg) driver version 0.4 loaded (major 249)
[    0.583227] io scheduler noop registered
[    0.583815] io scheduler deadline registered (default)
[    0.584466] io scheduler cfq registered
[    0.585045] pci_hotplug: PCI Hot Plug PCI Core version: 0.5
[    0.585733] pciehp: PCI Express Hot Plug Controller Driver version: 0.4
[    0.586555] ACPI: AC Adapter [AC] (on-line)
[    0.587197] input: Power Button as /devices/LNXSYSTM:00/LNXPWRBN:00/input/input0
[    0.588153] ACPI: Power Button [PWRF]
[    0.588714] input: Sleep Button as /devices/LNXSYSTM:00/LNXSLPBN:00/input/input1
[    0.589672] ACPI: Sleep Button [SLPF]
[    0.590403] GHES: HEST is not enabled!
[    0.591000] Serial: 8250/16550 driver, 32 ports, IRQ sharing enabled
[    0.612023] 00:02: ttyS0 at I/O 0x3f8 (irq = 4, base_baud = 115200) is a 16550A
    0.622601] Linux agpgart interface v0.103
[    0.624204] loop: module loaded
[    0.625094] scsi host0: ata_piix
[    0.625691] scsi host1: ata_piix
[    0.626183] ata1: PATA max UDMA/33 cmd 0x1f0 ctl 0x3f6 bmdma 0xd000 irq 14
[    0.627004] ata2: PATA max UDMA/33 cmd 0x170 ctl 0x376 bmdma 0xd008 irq 15
[    0.627868] libphy: Fixed MDIO Bus: probed
[    0.628505] tun: Universal TUN/TAP device driver, 1.6
[    0.629124] tun: (C) 1999-2004 Max Krasnyansky <maxk@qualcomm.com>
[    0.629956] PPP generic driver version 2.4.2
[    0.630570] ehci_hcd: USB 2.0 'Enhanced' Host Controller (EHCI) Driver
[    0.631334] ehci-pci: EHCI PCI platform driver
[    0.631917] ehci-platform: EHCI generic platform driver
[    0.632564] ohci_hcd: USB 1.1 'Open' Host Controller (OHCI) Driver
[    0.633283] ohci-pci: OHCI PCI platform driver
[    0.633910] ohci-platform: OHCI generic platform driver
[    0.634586] uhci_hcd: USB Universal Host Controller Interface driver
[    0.635363] i8042: PNP: PS/2 Controller [PNP0303:PS2K,PNP0f03:PS2M] at 0x60,0x64 irq 1,12
[    0.636913] serio: i8042 KBD port at 0x60,0x64 irq 1
[    0.637515] serio: i8042 AUX port at 0x60,0x64 irq 12
[    0.638266] mousedev: PS/2 mouse device common for all mice
[    0.639200] rtc_cmos rtc_cmos: rtc core: registered rtc_cmos as rtc0
[    0.640034] rtc_cmos rtc_cmos: alarms up to one day, 114 bytes nvram
[    0.640852] input: AT Translated Set 2 keyboard as /devices/platform/i8042/serio0/input/input2
[    0.641483] i2c /dev entries driver
[    0.641519] device-mapper: uevent: version 1.0.3
[    0.642058] device-mapper: ioctl: 4.34.0-ioctl (2015-10-28) initialised: dm-devel@redhat.com
[    0.642070] ledtrig-cpu: registered to indicate activity on CPUs
[    0.642282] NET: Registered protocol family 10
[    0.642385] NET: Registered protocol family 17
[    0.642391] Key type dns_resolver registered
[    0.642525] registered taskstats version 1
[    0.642532] Loading compiled-in X.509 certificates
[    0.642918] Loaded X.509 cert 'Build time autogenerated kernel key: ef3203c14e3994470d47ef6a7e15c1ade40f8e1e'
[    0.642928] zswap: loaded using pool lzo/zbud
[    0.643926] Key type trusted registered
[    0.645566] Key type encrypted registered
[    0.645570] AppArmor: AppArmor sha1 policy hashing enabled
[    0.645573] ima: No TPM chip found, activating TPM-bypass!
[    0.645575] ima: Allocated hash algorithm: sha1
[    0.645582] evm: HMAC attrs: 0x1
[    0.645773]   Magic number: 11:288:675
[    0.645790] vtconsole vtcon0: hash matches
[    0.646281] rtc_cmos rtc_cmos: setting system clock to 2019-11-17 08:40:14 UTC (1573980014)
[    0.646325] BIOS EDD facility v0.16 2004-Jun-25, 0 devices found
[    0.646325] EDD information not available.
[    0.938351] Freeing unused kernel memory: 1488K
[    0.940284] Write protecting the kernel read-only data: 14336k
[    0.941341] Freeing unused kernel memory: 1604K
[    0.942136] Freeing unused kernel memory: 60K
Loading, please wait...
starting version 229
[    0.951850] random: systemd-udevd: uninitialized urandom read (16 bytes read, 1 bits of entropy available)
[    0.952628] random: udevadm: uninitialized urandom read (16 bytes read, 1 bits of entropy available)
[    0.952642] random: udevadm: uninitialized urandom read (16 bytes read, 1 bits of entropy available)
[    0.956095] random: systemd-udevd: uninitialized urandom read (16 bytes read, 1 bits of entropy available)
[    0.957454] random: systemd-udevd: uninitialized urandom read (16 bytes read, 1 bits of entropy available)
[    0.958225] random: udevadm: uninitialized urandom read (16 bytes read, 1 bits of entropy available)
[    0.958252] random: udevadm: uninitialized urandom read (16 bytes read, 1 bits of entropy available)
[    0.958349] random: udevadm: uninitialized urandom read (16 bytes read, 1 bits of entropy available)
[    0.958395] random: udevadm: uninitialized urandom read (16 bytes read, 1 bits of entropy available)
[    0.958438] random: udevadm: uninitialized urandom read (16 bytes read, 1 bits of entropy available)
[    0.981271] e1000: Intel(R) PRO/1000 Network Driver - version 7.3.21-k8-NAPI
[    0.982152] e1000: Copyright (c) 1999-2006 Intel Corporation.
[    0.986213] Fusion MPT base driver 3.04.20
[    0.986891] Copyright (c) 1999-2008 LSI Corporation
[    0.992269] Fusion MPT SPI Host driver 3.04.20
[    0.996412] AVX2 version of gcm_enc/dec engaged.
[    0.997122] AES CTR mode by8 optimization enabled
[    1.190352] input: ImExPS/2 Generic Explorer Mouse as /devices/platform/i8042/serio1/input/input4
[    1.311393] e1000 0000:00:03.0 eth0: (PCI:33MHz:32-bit) 02:1a:6e:a3:7e:96
[    1.312229] e1000 0000:00:03.0 eth0: Intel(R) PRO/1000 Network Connection
[    1.313439] mptbase: ioc0: Initiating bringup
[    1.378155] ioc0: LSI53C1030 A0: Capabilities={Initiator}
[    1.549343] scsi host2: ioc0: LSI53C1030 A0, FwRev=00000000h, Ports=1, MaxQ=256, IRQ=20
[    1.666546] scsi 2:0:0:0: Direct-Access     VBOX     HARDDISK         1.0  PQ: 0 ANSI: 5
[    1.672806] scsi target2:0:0: Beginning Domain Validation
[    1.679393] scsi target2:0:0: Domain Validation skipping write tests
[    1.683434] scsi target2:0:0: Ending Domain Validation
[    1.688390] scsi target2:0:0: asynchronous
[    1.692871] scsi 2:0:1:0: Direct-Access     VBOX     HARDDISK         1.0  PQ: 0 ANSI: 5
[    1.698882] scsi target2:0:1: Beginning Domain Validation
[    1.700314] scsi target2:0:1: Domain Validation skipping write tests
[    1.701092] scsi target2:0:1: Ending Domain Validation
[    1.701925] scsi target2:0:1: asynchronous
[    1.718046] sd 2:0:0:0: Attached scsi generic sg0 type 0
[    1.725869] sd 2:0:0:0: [sda] 20971520 512-byte logical blocks: (10.7 GB/10.0 GiB)
[    1.727191] sd 2:0:0:0: [sda] Write Protect is off
[    1.727972] sd 2:0:0:0: [sda] Incomplete mode parameter data
[    1.728726] sd 2:0:0:0: [sda] Assuming drive cache: write through
[    1.730077] sd 2:0:1:0: [sdb] 20480 512-byte logical blocks: (10.5 MB/10.0 MiB)
[    1.731246] sd 2:0:1:0: Attached scsi generic sg1 type 0
[    1.732075] sd 2:0:1:0: [sdb] Write Protect is off
[    1.732899] sd 2:0:1:0: [sdb] Incomplete mode parameter data
[    1.733737] sd 2:0:1:0: [sdb] Assuming drive cache: write through
[    1.736021]  sda: sda1
[    1.737308] sd 2:0:0:0: [sda] Attached SCSI disk
[    1.738198] sd 2:0:1:0: [sdb] Attached SCSI disk
[    1.991900] e1000 0000:00:08.0 eth1: (PCI:33MHz:32-bit) 08:00:27:da:59:03
[    1.992733] e1000 0000:00:08.0 eth1: Intel(R) PRO/1000 Network Connection
[    1.994073] e1000 0000:00:03.0 enp0s3: renamed from eth0
[    2.005718] e1000 0000:00:08.0 enp0s8: renamed from eth1
Begin: Loading essential drivers ... [    3.497864] md: linear personality registered for level -1
[    3.500355] md: multipath personality registered for level -4
[    3.502707] md: raid0 personality registered for level 0
[    3.505695] md: raid1 personality registered for level 1
[    3.573466] raid6: sse2x1   gen() 13048 MB/s
[    3.641461] raid6: sse2x1   xor() 11265 MB/s
[    3.709461] raid6: sse2x2   gen() 18531 MB/s
[    3.777465] raid6: sse2x2   xor() 12778 MB/s
[    3.847374] raid6: sse2x4   gen() 21629 MB/s
[    3.913450] raid6: sse2x4   xor() 14187 MB/s
[    3.981463] raid6: avx2x1   gen() 29915 MB/s
[    4.049462] raid6: avx2x2   gen() 34481 MB/s
[    4.117461] raid6: avx2x4   gen() 38267 MB/s
[    4.118030] raid6: using algorithm avx2x4 gen() 38267 MB/s
[    4.118688] raid6: using avx2x2 recovery algorithm
[    4.120147] xor: automatically using best checksumming function:
[    4.178256]    avx       : 81111.000 MB/sec
[    4.179664] async_tx: api initialized (async)
[    4.186495] md: raid6 personality registered for level 6
[    4.187233] md: raid5 personality registered for level 5
[    4.187922] md: raid4 personality registered for level 4
[    4.192680] md: raid10 personality registered for level 10
done.
Begin: Running /scripts/init-premount ... done.
Begin: Mounting root file system ... Begin: Running /scripts/local-top ... done.
Begin: Running /scripts/local-premount ... [    4.212801] Btrfs loaded
Scanning for Btrfs filesystems
done.
Warning: fsck not present, so skipping root file system
[    4.239433] EXT4-fs (sda1): mounted filesystem with ordered data mode. Opts: (null)
done.
Begin: Running /scripts/local-bottom ... done.
Begin: Running /scripts/init-bottom ... done.
[    4.374274] systemd[1]: systemd 229 running in system mode. (+PAM +AUDIT +SELINUX +IMA +APPARMOR +SMACK +SYSVINIT +UTMP +LIBCRYPTSETUP +GCRYPT +GNUTLS +ACL +XZ -LZ4 +SECCOMP +BLKID +ELFUTILS +KMOD -IDN)
[    4.383224] systemd[1]: Detected virtualization oracle.
[    4.385105] systemd[1]: Detected architecture x86-64.

Welcome to [1mUbuntu 16.04.6 LTS[0m!

[    4.389892] systemd[1]: Set hostname to <ubuntu>.
[    4.395340] systemd[1]: Initializing machine ID from random generator.
[    4.396680] systemd[1]: Installed transient /etc/machine-id file.
[    4.515031] systemd[1]: Started Forward Password Requests to Wall Directory Watch.
[[0;32m  OK  [0m] Started Forward Password Requests to Wall Directory Watch.
[    4.517097] systemd[1]: Listening on Journal Socket.
[[0;32m  OK  [0m] Listening on Journal Socket.
[    4.518606] systemd[1]: Reached target System Time Synchronized.
[[0;32m  OK  [0m] Reached target System Time Synchronized.
[    4.520411] systemd[1]: Listening on udev Control Socket.
[[0;32m  OK  [0m] Listening on udev Control Socket.
[    4.521945] systemd[1]: Listening on udev Kernel Socket.
[[0;32m  OK  [0m] Listening on udev Kernel Socket.
[    4.529641] systemd[1]: Listening on Journal Socket (/dev/log).
[[0;32m  OK  [0m] Listening on Journal Socket (/dev/log).
[    4.531298] systemd[1]: Started Trigger resolvconf update for networkd DNS.
[[0;32m  OK  [0m] Started Trigger resolvconf update for networkd DNS.
[    4.533216] systemd[1]: Listening on LVM2 metadata daemon socket.
[[0;32m  OK  [0m] Listening on LVM2 metadata daemon socket.
[    4.534790] systemd[1]: Reached target User and Group Name Lookups.
[[0;32m  OK  [0m] Reached target User and Group Name Lookups.
[    4.536668] systemd[1]: Created slice System Slice.
[[0;32m  OK  [0m] Created slice System Slice.
[    4.549603] systemd[1]: Starting Set console keymap...
         Starting Set console keymap...
[    4.551907] systemd[1]: Starting Create list of required static device nodes for the current kernel...
         Starting Create list of required st... nodes for the current kernel...
[    4.555852] systemd[1]: Starting Remount Root and Kernel File Systems...
         Starting Remount Root and Kernel File Systems...
[    4.558047] systemd[1]: Mounting Debug File System...
         Mounting Debug File System...
[    4.560071] systemd[1]: Mounting Huge Pages File System...
         Mounting Huge Pages File System...
[    4.561615] systemd[1]: Listening on /dev/initctl Compatibility Named Pipe.
[[0;32m  OK  [0m] Listening on /dev/initctl Compatibility Named Pipe.
[    4.563572] EXT4-fs (sda1): re-mounted. Opts: (null)
[    4.563638] systemd[1]: Set up automount Arbitrary Executable File Formats File System Automount Point.
[[0;32m  OK  [0m] Set up automount Arbitrary Executab...ats File System Automount Point.
[    4.566802] systemd[1]: Listening on Device-mapper event daemon FIFOs.
[[0;32m  OK  [0m] Listening on Device-mapper event daemon FIFOs.
[    4.569599] systemd[1]: Starting Monitoring of LVM2 mirrors, snapshots etc. using dmeventd or progress polling...
         Starting Monitoring of LVM2 mirrors... dmeventd or progress polling...
[    4.572204] systemd[1]: Created slice system-serial\x2dgetty.slice.
[[0;32m  OK  [0m] Created slice system-serial\x2dgetty.slice.
[    4.573852] systemd[1]: Listening on LVM2 poll daemon socket.
[[0;32m  OK  [0m] Listening on LVM2 poll daemon socket.
[    4.575257] systemd[1]: Listening on Syslog Socket.
[[0;32m  OK  [0m] Listening on Syslog Socket.
[    4.576894] systemd[1]: Starting Nameserver information manager...
         Starting Nameserver information manager...
[    4.578504] systemd[1]: Reached target Swap.
[[0;32m  OK  [0m] Reached target Swap.
[    4.579511] systemd[1]: Listening on Journal Audit Socket.
[[0;32m  OK  [0m] Listening on Journal Audit Socket.
[    4.581315] systemd[1]: Starting Journal Service...
         Starting Journal Service...
[    4.583523] systemd[1]: Starting Uncomplicated firewall...
         Starting Uncomplicated firewall...
[    4.587664] systemd[1]: Starting Load Kernel Modules...
         Starting Load Kernel Modules...
[    4.588845] systemd[1]: Reached target Encrypted Volumes.
[[0;32m  OK  [0m] Reached target Encrypted Volumes.
[    4.590832] systemd[1]: Mounting POSIX Message Queue File System...
         Mounting POSIX Message Queue File System...
[    4.592257] systemd[1]: Created slice User and Session Slice.
[[0;32m  OK  [0m] Created slice User and Session Slice.
[    4.593750] systemd[1]: Reached target Slices.
[[0;32m  OK  [0m] Reached target Slices.
[    4.595776] systemd[1]: Mounted POSIX Message Queue File System.
[[0;32m  OK  [0m] Mounted POSIX Message Queue File System.
[    4.597250] systemd[1]: Mounted Debug File System.
[    4.597353] Loading iSCSI transport class v2.0-870.
[[0;32m  OK  [0m] Mounted Debug File System.
[    4.599164] systemd[1]: Mounted Huge Pages File System.
[[0;32m  OK  [0m] Mounted Huge Pages File System.
[    4.601156] systemd[1]: Started Set console keymap.
[[0;32m  OK  [0m] Started Set console keymap.
[    4.607726] systemd[1]: Started Create list of required static device nodes for the current kernel.
[[0;32m  OK  [0m] Started Create list of required sta...ce nodes for the current kernel.
[    4.609882] systemd[1]: Started Remount Root and Kernel File Systems.
[[0;32m  OK  [0m] Started Remount Root and Kernel File Systems.
[    4.612947] iscsi: registered transport (tcp)
[    4.622713] systemd[1]: Started Uncomplicated firewall.
[[0;32m  OK  [0m] Started Uncomplicated firewall.
[    4.624551] systemd[1]: Started Journal Service.
[[0;32m  OK  [0m] Started Journal Service.
[[0;32m  OK  [0m] Started Nameserver information manager.
[    4.636930] iscsi: registered transport (iser)
[[0;32m  OK  [0m] Started Load Kernel Modules.
         Mounting FUSE Control File System...
         Starting Apply Kernel Variables...
[[0;32m  OK  [0m] Started LVM2 metadata daemon.
         Starting Load/Save Random Seed...
         Starting Flush Journal to Persistent Storage...
         Starting udev Coldplug all Devices...
         Starting Create Static Device Nodes in /dev...
[[0;32m  OK  [0m] Mounted FUSE Control File System.
[[0;32m  OK  [0m] Started Load/Save Random Seed.
[[0;32m  OK  [0m] Started Apply Kernel Variables.
[[0;32m  OK  [0m] Started Create Static Device Nodes in /dev.
[[0;32m  OK  [0m] Started Flush Journal to Persistent Storage.
         Starting udev Kernel Device Manager...
[[0;32m  OK  [0m] Started udev Coldplug all Devices.
[[0;32m  OK  [0m] Started udev Kernel Device Manager.
[[0;32m  OK  [0m] Started Dispatch Password Requests to Console Directory Watch.
[[0;32m  OK  [0m] Found device /dev/ttyS0.
[[0;32m  OK  [0m] Listening on Load/Save RF Kill Switch Status /dev/rfkill Watch.
[[0;32m  OK  [0m] Started Monitoring of LVM2 mirrors,...ng dmeventd or progress polling.
[[0;32m  OK  [0m] Reached target Local File Systems (Pre).
[[0;32m  OK  [0m] Reached target Local File Systems.
         Starting Set console font and keymap...
         Starting Initial cloud-init job (pre-networking)...
         Starting Commit a transient machine-id on disk...
         Starting LSB: AppArmor initialization...
         Starting Create Volatile Files and Directories...
         Starting Tell Plymouth To Write Out Runtime Data...
[[0;32m  OK  [0m] Started Tell Plymouth To Write Out Runtime Data.
[[0;32m  OK  [0m] Started Create Volatile Files and Directories.
         Starting Update UTMP about System Boot/Shutdown...
[[0;32m  OK  [0m] Started Commit a transient machine-id on disk.
[[0;32m  OK  [0m] Started Update UTMP about System Boot/Shutdown.
[[0;32m  OK  [0m] Started Set console font and keymap.
[[0;32m  OK  [0m] Created slice system-getty.slice.
[[0;32m  OK  [0m] Started LSB: AppArmor initialization.
[    5.701953] cloud-init[628]: Cloud-init v. 19.2-36-g059d049c-0ubuntu2~16.04.1 running 'init-local' at Sun, 17 Nov 2019 08:40:19 +0000. Up 5.46 seconds.
[[0;32m  OK  [0m] Started Initial cloud-init job (pre-networking).
[[0;32m  OK  [0m] Reached target Network (Pre).
         Starting Raise network interfaces...
[[0;32m  OK  [0m] Started Raise network interfaces.
         Starting Initial cloud-init job (metadata service crawler)...
[[0;32m  OK  [0m] Reached target Network.
[    7.169220] cloud-init[964]: Cloud-init v. 19.2-36-g059d049c-0ubuntu2~16.04.1 running 'init' at Sun, 17 Nov 2019 08:40:20 +0000. Up 6.05 seconds.
[    7.170215] cloud-init[964]: ci-info: ++++++++++++++++++++++++++++++++++++++Net device info+++++++++++++++++++++++++++++++++++++++
[    7.171110] cloud-init[964]: ci-info: +--------+-------+----------------------------+---------------+--------+-------------------+
[    7.171977] cloud-init[964]: ci-info: | Device |   Up  |          Address           |      Mask     | Scope  |     Hw-Address    |
[    7.173056] cloud-init[964]: ci-info: +--------+-------+----------------------------+---------------+--------+-------------------+
[    7.174203] cloud-init[964]: ci-info: | enp0s3 |  True |         10.0.2.15          | 255.255.255.0 | global | 02:1a:6e:a3:7e:96 |
[    7.176006] cloud-init[964]: ci-info: | enp0s3 |  True | fe80::1a:6eff:fea3:7e96/64 |       .       |  link  | 02:1a:6e:a3:7e:96 |
[    7.177660] cloud-init[964]: ci-info: | enp0s8 | False |             .              |       .       |   .    | 08:00:27:da:59:03 |
[    7.178830] cloud-init[964]: ci-info: |   lo   |  True |         127.0.0.1          |   255.0.0.0   |  host  |         .         |
[    7.179824] cloud-init[964]: ci-info: |   lo   |  True |          ::1/128           |       .       |  host  |         .         |
[    7.180791] cloud-init[964]: ci-info: +--------+-------+----------------------------+---------------+--------+-------------------+
[    7.181819] cloud-init[964]: ci-info: +++++++++++++++++++++++++++Route IPv4 info++++++++++++++++++++++++++++
[    7.182650] cloud-init[964]: ci-info: +-------+-------------+----------+---------------+-----------+-------+
[    7.183676] cloud-init[964]: ci-info: | Route | Destination | Gateway  |    Genmask    | Interface | Flags |
[    7.184623] cloud-init[964]: ci-info: +-------+-------------+----------+---------------+-----------+-------+
[    7.185467] cloud-init[964]: ci-info: |   0   |   0.0.0.0   | 10.0.2.2 |    0.0.0.0    |   enp0s3  |   UG  |
[    7.186345] cloud-init[964]: ci-info: |   1   |   10.0.2.0  | 0.0.0.0  | 255.255.255.0 |   enp0s3  |   U   |
[    7.187313] cloud-init[964]: ci-info: +-------+-------------+----------+---------------+-----------+-------+
[    7.188377] cloud-init[964]: ci-info: +++++++++++++++++++Route IPv6 info+++++++++++++++++++
[    7.189124] cloud-init[964]: ci-info: +-------+-------------+---------+-----------+-------+
[    7.189913] cloud-init[964]: ci-info: | Route | Destination | Gateway | Interface | Flags |
[    7.190677] cloud-init[964]: ci-info: +-------+-------------+---------+-----------+-------+
[    7.191482] cloud-init[964]: ci-info: |   0   |  fe80::/64  |    ::   |   enp0s3  |   U   |
[    7.192251] cloud-init[964]: ci-info: |   3   |   ff00::/8  |    ::   |   enp0s3  |   U   |
[    7.193062] cloud-init[964]: ci-info: +-------+-------------+---------+-----------+-------+
[    7.193885] cloud-init[964]: Generating public/private rsa key pair.
[    7.194557] cloud-init[964]: Your identification has been saved in /etc/ssh/ssh_host_rsa_key.
[    7.195418] cloud-init[964]: Your public key has been saved in /etc/ssh/ssh_host_rsa_key.pub.
[    7.196235] cloud-init[964]: The key fingerprint is:
[    7.196850] cloud-init[964]: SHA256:0K/CAZElyuWFu/NHqJ7heQZ+74S7nKe8kYdarygdNiA root@ubuntu-xenial
[    7.197815] [[0;32m  OK  [0m] Started Initial cloud-init job (metadata service crawler).
cloud-init[964]: The key's randomart image is:
[    7.198751] [[0;32m  OK  [0m] Reached target Cloud-config availability.
[[0;32m  OK  [0m] Reached target Network is Online.
cloud-init[964]: +---[RSA 2048]----+
[    7.199974] cloud-init[964]: |    ++o          |
[    7.200491] cloud-init[964]: | . +o+ .         |
[    7.201014] cloud-init[964]: |  o o.. .        |
[    7.201552] cloud-init[964]: |E . .. . .       |
[    7.208159]          Starting iSCSI initiator daemon (iscsid)...
cloud-init[964]: | . . ...S .      |
[    7.209035] [[0;32m  OK  [0m] Reached target System Initialization.
cloud-init         Starting Socket activation for snappy daemon.
[[0;32m  OK  [0m] Started Message of the Day.
[[0;32m  OK  [0m] Listening on ACPID Listen Socket.
[[0;32m  OK  [0m] Started Daily Cleanup of Temporary Directories.
[[0;32m  OK  [0m] Started Daily apt download activities.
[964]: |    B..=..       |
[    7.211629]          Starting LXD - unix socket.
[[0;32m  OK  [0m] Listening on D-Bus System Message Bus Socket.
cloud-init[964]: |   +.BO.+        |
[    7.214042] [[0;32m  OK  [0m] Started ACPI Events Check.
[[0;32m  OK  [0m] Reached target Paths.
[[0;32m  OK  [0m] Started Daily apt upgrade and clean activities.
[[0;32m  OK  [0m] Listening on UUID daemon activation socket.
[[0;32m  OK  [0m] Reached target Timers.
[[0;32m  OK  [0m] Listening on Socket activation for snappy daemon.
[[0;32m  OK  [0m] Listening on LXD - unix socket.
[[0;32m  OK  [0m] Reached target Sockets.
[[0;32m  OK  [0m] Reached target Basic System.
         Starting LSB: MD monitoring daemon...
[[0;32m  OK  [0m] Started D-Bus System Message Bus.
cloud-init[964]: |  ..+X=Oo        |
[    7.228185] cloud-init[964]: |   oB+XX+        |
[    7.228728] cloud-init[964]: +----[SHA256]-----+
[    7.229396] cloud-init[964]: Generating public/private dsa key pair.
[    7.230138] cloud-init[964]: Your identification has been saved in /etc/ssh/ssh_host_dsa_key.
[    7.230854] cloud-init[964]: Your public key has been saved in /etc/ssh/ssh_host_dsa_key.pub.
[    7.231690] cloud-init[964]: The key fingerprint is:
[    7.232116] cloud-init[964]: SHA256:d9mC9eS+jLYv9x0TJbFsUr8/KOs0Gwj6XJjNHJj7e1U root@ubuntu-xenial
[    7.232869] cloud-init[964]: The key's randomart image is:
[    7.233453] cloud-init[964]: +---[DSA 1024]----+
[    7.233909] cloud-init[964]: |              o  |
[    7.234369] cloud-init[964]: |             o + |
[    7.244138] cloud-init[964]: |            o * o|
[    7.244667] cloud-init[964]: |        o  o O Eo|
[    7.256138]          cloud-initStarting Pollinate to seed the pseudo random number generator...[964]: 
|       +S.o + =o |
[    7.257359]          cloud-initStarting Login Service...[964]: 
|      . O.o. +. o|
[    7.258067] [cloud-init[0;32m  OK  [0m[964]: ] |     . + * =...+.|Started FUSE filesystem for LXC.

[    7.258742] cloud-init[964]: |      o o ..Oo..=|[[0;32m  OK  [0m] Started Deferred execution scheduler.

         Starting Virtualbox guest utils...
[    7.261409] cloud-init[964]: |       o o+=o=+.o|
[[0;32m  OK  [0m] Started Regular background program processing daemon.
         Starting /etc/rc.local Compatibility...
         Starting System Logging Service...
         Starting Accounts Service...
[[0;32m  OK  [0m] Started ACPI event daemon.
         Starting LSB: Record successful boot for GRUB...
         Starting LXD - container startup/shutdown...
         Starting Snappy daemon...
[[0;32m  OK  [0m] Started /etc/rc.local Compatibility.
[    7.262192] cloud-init[964]: +----[SHA256]-----+
[    7.274491] cloud-init[964]: Generating public/private ecdsa key pair.
[    7.296156] cloud-init[964]: Your identification has been saved in /etc/ssh/ssh_host_ecdsa_key.
[    7.296275] [cloud-init[0;32m  OK  [0m[964]: ] Your public key has been saved in /etc/ssh/ssh_host_ecdsa_key.pub.Started System Logging Service.

[    7.296308] cloud-init[964]: The key fingerprint is:
[    7.298189] cloud-init[964]: SHA256:ScFUFvgsavJ0uvhGGhh/tyozGTZ26yaUoaNS70FAVZc root@ubuntu-xenial
[    7.299077] cloud-init[964]: The key's randomart image is:
[    7.299467] cloud-init[964]: +---[ECDSA 256]---+
[    7.300045] cloud-init[964]: |  .....o+++.     |
[    7.300593] cloud-init[964]: | .     .Eo       |
[    7.300997] cloud-init[964]: |  .     .o       |
[    7.301419] cloud-init[964]: |  ...  ...o      |
[    7.301934] cloud-init[964]: |   =.o .S.       |
[    7.302485] cloud-init[964]: |  =.@ B o        |
[    7.302985] cloud-init[964]: | o *.# = .       |
[    7.303435] cloud-init[964]: |o   Oo* .        |
[    7.303865] cloud-init[964]: |.  .oX=o         |
[    7.304459] cloud-init[964]: +----[SHA256]-----+
[    7.305046] cloud-init[964]: Generating public/private ed25519 key pair.
[    7.305720] cloud-init[964]: Your identification has been saved in /etc/ssh/ssh_host_ed25519_key.
[    7.306556] cloud-init[964]: Your public key has been saved in /etc/ssh/ssh_host_ed25519_key.pub.
[    7.307535] cloud-init[964]: The key fingerprint is:
[    7.308060] cloud-init[964]: SHA256:GBHCiNqLh7e8WAHHvwtoG0z9JIXU8/rFIzi+z+lSHN8 root@ubuntu-xenial
[    7.308911] cloud-init[964]: The key's randomart image is:
[    7.309356] cloud-init[964]: +--[ED25519 256]--+
[    7.309781] cloud-init[964]: | . +o o.         |
[    7.310652] cloud-init[964]: |..o o+ .         |
[    7.311246] cloud-init[964]: |o.o. .+          |
[    7.311839] cloud-init[964]: |.oo..  =         |
[    7.312233] cloud-init[964]: | +.+..= S .      |
[    7.316533] cloud-init[964]: |=.+.+= + = E     |
[[    7.316628] [0;32m  OK  [0mcloud-init] [964]: Started LSB: MD monitoring daemon.|.Bo.o.+ o .      |

[[    7.316657] cloud-init[964]: |.o=. +...        |
[0;32m  OK  [0m] Started iSCSI initiator daemon (iscsid).
[    7.317888] cloud-init[964]: |......==         |
[    7.319519] cloud-init[964]: +----[SHA256]-----+
         Starting Login to default iSCSI targets...
[[0;32m  OK  [0m] Started LSB: Record successful boot for GRUB.
[[0;32m  OK  [0m] Started Login Service.
[[0;32m  OK  [0m] Started Unattended Upgrades Shutdown.
         Starting Authenticate and Authorize Users to Run Privileged Tasks...
[[0;32m  OK  [0m] Started Login to default iSCSI targets.
[[0;32m  OK  [0m] Reached target Remote File Systems (Pre).
[[0;32m  OK  [0m] Reached target Remote File Systems.
         Starting LSB: automatic crash report generation...
         Starting LSB: daemon to balance interrupts for SMP systems...
         Starting LSB: Set the CPU Frequency Scaling governor to "ondemand"...
         Starting Permit User Sessions...
[[0;32m  OK  [0m] Started Permit User Sessions.
         Starting Hold until boot process finishes up...
         Starting Terminate Plymouth Boot Screen...
[[0;32m  OK  [0m] Started LSB: Set the CPU Frequency Scaling governor to "ondemand".
[[0;32m  OK  [0m] Started Hold until boot process finishes up.
[[0;32m  OK  [0m] Started Getty on tty1.
         Starting Set console scheme...
[[0;32m  OK  [0m] Started Serial Getty on ttyS0.
[[0;32m  OK  [0m] Reached target Login Prompts.
[[0;32m  OK  [0m] Started LSB: daemon to balance interrupts for SMP systems.
[[0;32m  OK  [0m] Started Terminate Plymouth Boot Screen.
[[0;32m  OK  [0m] Started LSB: automatic crash report generation.
[[0;32m  OK  [0m] Started Set console scheme.
[[0;32m  OK  [0m] Started Authenticate and Authorize Users to Run Privileged Tasks.
[[0;32m  OK  [0m] Started Accounts Service.
[[0;32m  OK  [0m] Started Virtualbox guest utils.
[[0;32m  OK  [0m] Started LXD - container startup/shutdown.
[[0;32m  OK  [0m] Started Snappy daemon.
         Starting Wait until snapd is fully seeded...
[[0;32m  OK  [0m] Started Pollinate to seed the pseudo random number generator.
         Starting OpenBSD Secure Shell server...
[[0;32m  OK  [0m] Started OpenBSD Secure Shell server.
[[0;32m  OK  [0m] Started Wait until snapd is fully seeded.
         Starting Apply the settings specified in cloud-config...
[[0;32m  OK  [0m] Reached target Multi-User System.
[[0;32m  OK  [0m] Reached target Graphical Interface.
         Starting Update UTMP about System Runlevel Changes...
[[0;32m  OK  [0m] Started Update UTMP about System Runlevel Changes.
[   11.213318] cloud-init[1318]: Generating locales (this might take a while)...
[   11.674744] cloud-init[1318]:   en_US.UTF-8... done
[   11.675330] cloud-init[1318]: Generation complete.
[   12.483870] cloud-init[1318]: Cloud-init v. 19.2-36-g059d049c-0ubuntu2~16.04.1 running 'modules:config' at Sun, 17 Nov 2019 08:40:25 +0000. Up 11.11 seconds.
ci-info: no authorized ssh keys fingerprints found for user ubuntu.
<14>Nov 17 08:40:26 ec2: 
<14>Nov 17 08:40:26 ec2: #############################################################
<14>Nov 17 08:40:26 ec2: -----BEGIN SSH HOST KEY FINGERPRINTS-----
<14>Nov 17 08:40:26 ec2: 1024 SHA256:d9mC9eS+jLYv9x0TJbFsUr8/KOs0Gwj6XJjNHJj7e1U root@ubuntu-xenial (DSA)
<14>Nov 17 08:40:26 ec2: 256 SHA256:ScFUFvgsavJ0uvhGGhh/tyozGTZ26yaUoaNS70FAVZc root@ubuntu-xenial (ECDSA)
<14>Nov 17 08:40:26 ec2: 256 SHA256:GBHCiNqLh7e8WAHHvwtoG0z9JIXU8/rFIzi+z+lSHN8 root@ubuntu-xenial (ED25519)
<14>Nov 17 08:40:26 ec2: 2048 SHA256:0K/CAZElyuWFu/NHqJ7heQZ+74S7nKe8kYdarygdNiA root@ubuntu-xenial (RSA)
<14>Nov 17 08:40:26 ec2: -----END SSH HOST KEY FINGERPRINTS-----
<14>Nov 17 08:40:26 ec2: #############################################################
-----BEGIN SSH HOST KEY KEYS-----
ecdsa-sha2-nistp256 AAAAE2VjZHNhLXNoYTItbmlzdHAyNTYAAAAIbmlzdHAyNTYAAABBBKsJ/7UHSn1hRnLhUb9gNWOFqE/RwlgM+imgmPt6w4bmLn+4rhGE99oSJyti17EmaBIaoe3s5TSelWRV10AVBeg= root@ubuntu-xenial
ssh-ed25519 AAAAC3NzaC1lZDI1NTE5AAAAIGS21ZE32X0sSGuEvOruuUesaWhQpRRSVO+fxXfa5CiM root@ubuntu-xenial
ssh-rsa AAAAB3NzaC1yc2EAAAADAQABAAABAQCSyzGez8YFeZXWwL/VV4yVwMqC0NHwvo0GN6B0cib0Cn+AifxaWIcauLP36DvMn0WOLlSZ0jYsoWJ5S3PXEN2W6SUgx3b63NNS1V8SRMNeAbyPIXH1/tpO2Jnm2kHGRD8+qj9bQmJi95v/tGyfTSobhyDhRLqLNCy7frZRZWtatN1rPRaFUnQ+aa2jnMQ387YB+Fu/zn1A1Qd4xnvcWCVHHvv4MeRxX7P6QV4T1m9KAuYF1CDPfgHPGBg2RRCT0dTmqfR1t5MaGaaPbSAmpxEf5TJzgAidIxBZyzcak8Z2sdrCqqoVZeKv7iSjOK3HpoX09ejhAwWPbRaiiTECRWGB root@ubuntu-xenial
-----END SSH HOST KEY KEYS-----
[   12.785468] cloud-init[1364]: Cloud-init v. 19.2-36-g059d049c-0ubuntu2~16.04.1 running 'modules:final' at Sun, 17 Nov 2019 08:40:26 +0000. Up 12.67 seconds.
[   12.785615] cloud-init[1364]: ci-info: no authorized ssh keys fingerprints found for user ubuntu.
[   12.785725] cloud-init[1364]: Cloud-init v. 19.2-36-g059d049c-0ubuntu2~16.04.1 finished at Sun, 17 Nov 2019 08:40:26 +0000. Datasource DataSourceNoCloud [seed=/dev/sdb][dsmode=net].  Up 12.78 seconds

Ubuntu 16.04.6 LTS ubuntu-xenial ttyS0

ubuntu-xenial login: 