[    0.000000] Linux version 4.15.0-64-generic (buildd@lgw01-amd64-038) (gcc version 7.4.0 (Ubuntu 7.4.0-1ubuntu1~18.04.1)) #73-Ubuntu SMP Thu Sep 12 13:16:13 UTC 2019 (Ubuntu 4.15.0-64.73-generic 4.15.18)
[    0.000000] Command line: BOOT_IMAGE=/boot/vmlinuz-4.15.0-64-generic root=LABEL=cloudimg-rootfs ro console=tty1 console=ttyS0
[    0.000000] KERNEL supported cpus:
[    0.000000]   Intel GenuineIntel
[    0.000000]   AMD AuthenticAMD
[    0.000000]   Centaur CentaurHauls
[    0.000000] x86/fpu: Supporting XSAVE feature 0x001: 'x87 floating point registers'
[    0.000000] x86/fpu: Supporting XSAVE feature 0x002: 'SSE registers'
[    0.000000] x86/fpu: Supporting XSAVE feature 0x004: 'AVX registers'
[    0.000000] x86/fpu: xstate_offset[2]:  576, xstate_sizes[2]:  256
[    0.000000] x86/fpu: Enabled xstate features 0x7, context size is 832 bytes, using 'standard' format.
[    0.000000] e820: BIOS-provided physical RAM map:
[    0.000000] BIOS-e820: [mem 0x0000000000000000-0x000000000009fbff] usable
[    0.000000] BIOS-e820: [mem 0x000000000009fc00-0x000000000009ffff] reserved
[    0.000000] BIOS-e820: [mem 0x00000000000f0000-0x00000000000fffff] reserved
[    0.000000] BIOS-e820: [mem 0x0000000000100000-0x000000001ffeffff] usable
[    0.000000] BIOS-e820: [mem 0x000000001fff0000-0x000000001fffffff] ACPI data
[    0.000000] BIOS-e820: [mem 0x00000000fec00000-0x00000000fec00fff] reserved
[    0.000000] BIOS-e820: [mem 0x00000000fee00000-0x00000000fee00fff] reserved
[    0.000000] BIOS-e820: [mem 0x00000000fffc0000-0x00000000ffffffff] reserved
[    0.000000] NX (Execute Disable) protection: active
[    0.000000] SMBIOS 2.5 present.
[    0.000000] DMI: innotek GmbH VirtualBox/VirtualBox, BIOS VirtualBox 12/01/2006
[    0.000000] Hypervisor detected: KVM
[    0.000000] e820: last_pfn = 0x1fff0 max_arch_pfn = 0x400000000
[    0.000000] MTRR: Disabled
[    0.000000] x86/PAT: MTRRs disabled, skipping PAT initialization too.
[    0.000000] CPU MTRRs all blank - virtualized system.
[    0.000000] x86/PAT: Configuration [0-7]: WB  WT  UC- UC  WB  WT  UC- UC  
[    0.000000] found SMP MP-table at [mem 0x0009fff0-0x0009ffff]
[    0.000000] Scanning 1 areas for low memory corruption
[    0.000000] RAMDISK: [mem 0x1db94000-0x1ee45fff]
[    0.000000] ACPI: Early table checksum verification disabled
[    0.000000] ACPI: RSDP 0x00000000000E0000 000024 (v02 VBOX  )
[    0.000000] ACPI: XSDT 0x000000001FFF0030 00003C (v01 VBOX   VBOXXSDT 00000001 ASL  00000061)
[    0.000000] ACPI: FACP 0x000000001FFF00F0 0000F4 (v04 VBOX   VBOXFACP 00000001 ASL  00000061)
[    0.000000] ACPI: DSDT 0x000000001FFF0470 0022EA (v02 VBOX   VBOXBIOS 00000002 INTL 20190816)
[    0.000000] ACPI: FACS 0x000000001FFF0200 000040
[    0.000000] ACPI: FACS 0x000000001FFF0200 000040
[    0.000000] ACPI: APIC 0x000000001FFF0240 00005C (v02 VBOX   VBOXAPIC 00000001 ASL  00000061)
[    0.000000] ACPI: SSDT 0x000000001FFF02A0 0001CC (v01 VBOX   VBOXCPUT 00000002 INTL 20190816)
[    0.000000] No NUMA configuration found
[    0.000000] Faking a node at [mem 0x0000000000000000-0x000000001ffeffff]
[    0.000000] NODE_DATA(0) allocated [mem 0x1ffc5000-0x1ffeffff]
[    0.000000] kvm-clock: cpu 0, msr 0:1ff44001, primary cpu clock
[    0.000000] kvm-clock: Using msrs 4b564d01 and 4b564d00
[    0.000000] kvm-clock: using sched offset of 3071450401 cycles
[    0.000000] clocksource: kvm-clock: mask: 0xffffffffffffffff max_cycles: 0x1cd42e4dffb, max_idle_ns: 881590591483 ns
[    0.000000] Zone ranges:
[    0.000000]   DMA      [mem 0x0000000000001000-0x0000000000ffffff]
[    0.000000]   DMA32    [mem 0x0000000001000000-0x000000001ffeffff]
[    0.000000]   Normal   empty
[    0.000000]   Device   empty
[    0.000000] Movable zone start for each node
[    0.000000] Early memory node ranges
[    0.000000]   node   0: [mem 0x0000000000001000-0x000000000009efff]
[    0.000000]   node   0: [mem 0x0000000000100000-0x000000001ffeffff]
[    0.000000] Reserved but unavailable: 98 pages
[    0.000000] Initmem setup node 0 [mem 0x0000000000001000-0x000000001ffeffff]
[    0.000000] ACPI: PM-Timer IO Port: 0x4008
[    0.000000] IOAPIC[0]: apic_id 2, version 32, address 0xfec00000, GSI 0-23
[    0.000000] ACPI: INT_SRC_OVR (bus 0 bus_irq 0 global_irq 2 dfl dfl)
[    0.000000] ACPI: INT_SRC_OVR (bus 0 bus_irq 9 global_irq 9 low level)
[    0.000000] Using ACPI (MADT) for SMP configuration information
[    0.000000] smpboot: Allowing 2 CPUs, 0 hotplug CPUs
[    0.000000] PM: Registered nosave memory: [mem 0x00000000-0x00000fff]
[    0.000000] PM: Registered nosave memory: [mem 0x0009f000-0x0009ffff]
[    0.000000] PM: Registered nosave memory: [mem 0x000a0000-0x000effff]
[    0.000000] PM: Registered nosave memory: [mem 0x000f0000-0x000fffff]
[    0.000000] e820: [mem 0x20000000-0xfebfffff] available for PCI devices
[    0.000000] Booting paravirtualized kernel on KVM
[    0.000000] clocksource: refined-jiffies: mask: 0xffffffff max_cycles: 0xffffffff, max_idle_ns: 7645519600211568 ns
[    0.000000] random: get_random_bytes called from start_kernel+0x99/0x4fd with crng_init=0
[    0.000000] setup_percpu: NR_CPUS:8192 nr_cpumask_bits:2 nr_cpu_ids:2 nr_node_ids:1
[    0.000000] percpu: Embedded 46 pages/cpu s151552 r8192 d28672 u1048576
[    0.000000] PV qspinlock hash table entries: 256 (order: 0, 4096 bytes)
[    0.000000] Built 1 zonelists, mobility grouping on.  Total pages: 128889
[    0.000000] Policy zone: DMA32
[    0.000000] Kernel command line: BOOT_IMAGE=/boot/vmlinuz-4.15.0-64-generic root=LABEL=cloudimg-rootfs ro console=tty1 console=ttyS0
[    0.000000] Memory: 467344K/523832K available (12300K kernel code, 2481K rwdata, 4172K rodata, 2436K init, 2384K bss, 56488K reserved, 0K cma-reserved)
[    0.000000] SLUB: HWalign=64, Order=0-3, MinObjects=0, CPUs=2, Nodes=1
[    0.000000] Kernel/User page tables isolation: enabled
[    0.000000] ftrace: allocating 39306 entries in 154 pages
[    0.004000] Hierarchical RCU implementation.
[    0.004000] 	RCU restricting CPUs from NR_CPUS=8192 to nr_cpu_ids=2.
[    0.004000] 	Tasks RCU enabled.
[    0.004000] RCU: Adjusting geometry for rcu_fanout_leaf=16, nr_cpu_ids=2
[    0.004000] NR_IRQS: 524544, nr_irqs: 440, preallocated irqs: 16
[    0.004000] Console: colour VGA+ 80x25
[    0.004000] console [tty1] enabled
[    0.004000] console [ttyS0] enabled
[    0.004000] ACPI: Core revision 20170831
[    0.004000] ACPI: 2 ACPI AML tables successfully acquired and loaded
[    0.004000] APIC: Switch to symmetric I/O mode setup
[    0.004000] x2apic enabled
[    0.004000] Switched APIC routing to physical x2apic.
[    0.004000] ..TIMER: vector=0x30 apic1=0 pin1=2 apic2=-1 pin2=-1
[    0.004000] tsc: Detected 3599.996 MHz processor
[    0.004000] Calibrating delay loop (skipped) preset value.. 7199.99 BogoMIPS (lpj=14399984)
[    0.004002] pid_max: default: 32768 minimum: 301
[    0.004477] Security Framework initialized
[    0.004889] Yama: becoming mindful.
[    0.005398] AppArmor: AppArmor initialized
[    0.005912] Dentry cache hash table entries: 65536 (order: 7, 524288 bytes)
[    0.006605] Inode-cache hash table entries: 32768 (order: 6, 262144 bytes)
[    0.007256] Mount-cache hash table entries: 1024 (order: 1, 8192 bytes)
[    0.008002] Mountpoint-cache hash table entries: 1024 (order: 1, 8192 bytes)
[    0.008926] Last level iTLB entries: 4KB 128, 2MB 8, 4MB 8
[    0.009512] Last level dTLB entries: 4KB 64, 2MB 0, 4MB 0, 1GB 4
[    0.010097] Spectre V1 : Mitigation: usercopy/swapgs barriers and __user pointer sanitization
[    0.010935] Spectre V2 : Mitigation: Full generic retpoline
[    0.011483] Spectre V2 : Spectre v2 / SpectreRSB mitigation: Filling RSB on context switch
[    0.012001] Speculative Store Bypass: Vulnerable
[    0.012505] MDS: Vulnerable: Clear CPU buffers attempted, no microcode
[    0.013249] Freeing SMP alternatives memory: 36K
[    0.016000] smpboot: CPU0: Intel(R) Core(TM) i5-8600K CPU @ 3.60GHz (family: 0x6, model: 0x9e, stepping: 0xa)
[    0.016000] Performance Events: unsupported p6 CPU model 158 no PMU driver, software events only.
[    0.016000] Hierarchical SRCU implementation.
[    0.016000] NMI watchdog: Perf event create on CPU 0 failed with -2
[    0.016000] NMI watchdog: Perf NMI watchdog permanently disabled
[    0.016030] smp: Bringing up secondary CPUs ...
[    0.016546] x86: Booting SMP configuration:
[    0.016981] .... node  #0, CPUs:      #1
[    0.004000] kvm-clock: cpu 1, msr 0:1ff44041, secondary cpu clock
[    0.020014] smp: Brought up 1 node, 2 CPUs
[    0.020502] smpboot: Max logical packages: 1
[    0.020984] smpboot: Total of 2 processors activated (14399.98 BogoMIPS)
[    0.021781] devtmpfs: initialized
[    0.021781] x86/mm: Memory block size: 128MB
[    0.021781] evm: security.selinux
[    0.021781] evm: security.SMACK64
[    0.021781] evm: security.SMACK64EXEC
[    0.024003] evm: security.SMACK64TRANSMUTE
[    0.024438] evm: security.SMACK64MMAP
[    0.024835] evm: security.apparmor
[    0.025198] evm: security.ima
[    0.025542] evm: security.capability
[    0.025943] clocksource: jiffies: mask: 0xffffffff max_cycles: 0xffffffff, max_idle_ns: 7645041785100000 ns
[    0.025943] futex hash table entries: 512 (order: 3, 32768 bytes)
[    0.028032] pinctrl core: initialized pinctrl subsystem
[    0.028638] RTC time:  4:46:58, date: 11/10/19
[    0.029223] NET: Registered protocol family 16
[    0.029726] audit: initializing netlink subsys (disabled)
[    0.030297] audit: type=2000 audit(1573361222.949:1): state=initialized audit_enabled=0 res=1
[    0.030297] cpuidle: using governor ladder
[    0.030297] cpuidle: using governor menu
[    0.032022] ACPI: bus type PCI registered
[    0.032489] acpiphp: ACPI Hot Plug PCI Controller Driver version: 0.5
[    0.033194] PCI: Using configuration type 1 for base access
[    0.033786] HugeTLB registered 2.00 MiB page size, pre-allocated 0 pages
[    0.033786] ACPI: Added _OSI(Module Device)
[    0.036005] ACPI: Added _OSI(Processor Device)
[    0.036460] ACPI: Added _OSI(3.0 _SCP Extensions)
[    0.036987] ACPI: Added _OSI(Processor Aggregator Device)
[    0.037581] ACPI: Added _OSI(Linux-Dell-Video)
[    0.038064] ACPI: Added _OSI(Linux-Lenovo-NV-HDMI-Audio)
[    0.038611] ACPI: Added _OSI(Linux-HPI-Hybrid-Graphics)
[    0.039324] ACPI: Executed 1 blocks of module-level executable AML code
[    0.042240] ACPI: Interpreter enabled
[    0.042655] ACPI: (supports S0 S5)
[    0.043031] ACPI: Using IOAPIC for interrupt routing
[    0.044146] PCI: Using host bridge windows from ACPI; if necessary, use "pci=nocrs" and report a bug
[    0.045187] ACPI: Enabled 2 GPEs in block 00 to 07
[    0.049647] ACPI: PCI Root Bridge [PCI0] (domain 0000 [bus 00-ff])
[    0.050264] acpi PNP0A03:00: _OSC: OS supports [ASPM ClockPM Segments MSI]
[    0.051321] acpi PNP0A03:00: _OSC: not requesting OS control; OS requires [ExtendedConfig ASPM ClockPM MSI]
[    0.052007] acpi PNP0A03:00: fail to add MMCONFIG information, can't access extended PCI configuration space under this bridge.
[    0.053330] PCI host bridge to bus 0000:00
[    0.053768] pci_bus 0000:00: root bus resource [io  0x0000-0x0cf7 window]
[    0.054480] pci_bus 0000:00: root bus resource [io  0x0d00-0xffff window]
[    0.055163] pci_bus 0000:00: root bus resource [mem 0x000a0000-0x000bffff window]
[    0.056001] pci_bus 0000:00: root bus resource [mem 0x20000000-0xfdffffff window]
[    0.056755] pci_bus 0000:00: root bus resource [bus 00-ff]
[    0.058501] pci 0000:00:01.1: legacy IDE quirk: reg 0x10: [io  0x01f0-0x01f7]
[    0.059244] pci 0000:00:01.1: legacy IDE quirk: reg 0x14: [io  0x03f6]
[    0.060001] pci 0000:00:01.1: legacy IDE quirk: reg 0x18: [io  0x0170-0x0177]
[    0.060693] pci 0000:00:01.1: legacy IDE quirk: reg 0x1c: [io  0x0376]
[    0.071513] pci 0000:00:07.0: quirk: [io  0x4000-0x403f] claimed by PIIX4 ACPI
[    0.072008] pci 0000:00:07.0: quirk: [io  0x4100-0x410f] claimed by PIIX4 SMB
[    0.077197] ACPI: PCI Interrupt Link [LNKA] (IRQs 5 9 10 *11)
[    0.078039] ACPI: PCI Interrupt Link [LNKB] (IRQs 5 9 *10 11)
[    0.078694] ACPI: PCI Interrupt Link [LNKC] (IRQs 5 *9 10 11)
[    0.079383] ACPI: PCI Interrupt Link [LNKD] (IRQs 5 9 10 *11)
[    0.080235] SCSI subsystem initialized
[    0.080690] pci 0000:00:02.0: vgaarb: setting as boot VGA device
[    0.080701] pci 0000:00:02.0: vgaarb: VGA device added: decodes=io+mem,owns=io+mem,locks=none
[    0.081546] pci 0000:00:02.0: vgaarb: bridge control possible
[    0.082126] vgaarb: loaded
[    0.082458] ACPI: bus type USB registered
[    0.082906] usbcore: registered new interface driver usbfs
[    0.084011] usbcore: registered new interface driver hub
[    0.084560] usbcore: registered new device driver usb
[    0.085099] EDAC MC: Ver: 3.0.0
[    0.085099] PCI: Using ACPI for IRQ routing
[    0.085099] NetLabel: Initializing
[    0.085099] NetLabel:  domain hash size = 128
[    0.085521] NetLabel:  protocols = UNLABELED CIPSOv4 CALIPSO
[    0.088016] NetLabel:  unlabeled traffic allowed by default
[    0.088582] clocksource: Switched to clocksource kvm-clock
[    0.095316] VFS: Disk quotas dquot_6.6.0
[    0.095804] VFS: Dquot-cache hash table entries: 512 (order 0, 4096 bytes)
[    0.096575] AppArmor: AppArmor Filesystem Enabled
[    0.097106] pnp: PnP ACPI init
[    0.098095] pnp: PnP ACPI: found 3 devices
[    0.105487] clocksource: acpi_pm: mask: 0xffffff max_cycles: 0xffffff, max_idle_ns: 2085701024 ns
[    0.106487] NET: Registered protocol family 2
[    0.107104] TCP established hash table entries: 4096 (order: 3, 32768 bytes)
[    0.107832] TCP bind hash table entries: 4096 (order: 4, 65536 bytes)
[    0.108514] TCP: Hash tables configured (established 4096 bind 4096)
[    0.109166] UDP hash table entries: 256 (order: 1, 8192 bytes)
[    0.109760] UDP-Lite hash table entries: 256 (order: 1, 8192 bytes)
[    0.110420] NET: Registered protocol family 1
[    0.110895] pci 0000:00:00.0: Limiting direct PCI/PCI transfers
[    0.111508] pci 0000:00:01.0: Activating ISA DMA hang workarounds
[    0.112168] pci 0000:00:02.0: Video device with shadowed ROM at [mem 0x000c0000-0x000dffff]
[    0.113072] Unpacking initramfs...
[    0.293782] Freeing initrd memory: 19144K
[    0.294324] clocksource: tsc: mask: 0xffffffffffffffff max_cycles: 0x33e44fb235b, max_idle_ns: 440795341910 ns
[    0.295304] platform rtc_cmos: registered platform RTC device (no PNP device found)
[    0.296119] Scanning for low memory corruption every 60 seconds
[    0.297251] Initialise system trusted keyrings
[    0.297757] Key type blacklist registered
[    0.298236] workingset: timestamp_bits=36 max_order=17 bucket_order=0
[    0.299509] zbud: loaded
[    0.300206] squashfs: version 4.0 (2009/01/31) Phillip Lougher
[    0.301841] fuse init (API version 7.26)
[    0.304691] Key type asymmetric registered
[    0.305144] Asymmetric key parser 'x509' registered
[    0.305748] Block layer SCSI generic (bsg) driver version 0.4 loaded (major 246)
[    0.306818] io scheduler noop registered
[    0.307244] io scheduler deadline registered
[    0.307720] io scheduler cfq registered (default)
[    0.308524] ACPI: AC Adapter [AC] (on-line)
[    0.308985] input: Power Button as /devices/LNXSYSTM:00/LNXPWRBN:00/input/input0
[    0.309830] ACPI: Power Button [PWRF]
[    0.310302] input: Sleep Button as /devices/LNXSYSTM:00/LNXSLPBN:00/input/input1
[    0.311051] ACPI: Sleep Button [SLPF]
[    0.311770] Serial: 8250/16550 driver, 32 ports, IRQ sharing enabled
[    0.332882] 00:02: ttyS0 at I/O 0x3f8 (irq = 4, base_baud = 115200) is a 16550A
[    0.335448] Linux agpgart interface v0.103
[    0.336923] loop: module loaded
[    0.337669] scsi host0: ata_piix
[    0.338285] scsi host1: ata_piix
[    0.338687] ata1: PATA max UDMA/33 cmd 0x1f0 ctl 0x3f6 bmdma 0xd000 irq 14
[    0.339439] ata2: PATA max UDMA/33 cmd 0x170 ctl 0x376 bmdma 0xd008 irq 15
[    0.341414] libphy: Fixed MDIO Bus: probed
[    0.342282] tun: Universal TUN/TAP device driver, 1.6
[    0.343479] PPP generic driver version 2.4.2
[    0.344007] ehci_hcd: USB 2.0 'Enhanced' Host Controller (EHCI) Driver
[    0.344767] ehci-pci: EHCI PCI platform driver
[    0.345256] ehci-platform: EHCI generic platform driver
[    0.345788] ohci_hcd: USB 1.1 'Open' Host Controller (OHCI) Driver
[    0.346408] ohci-pci: OHCI PCI platform driver
[    0.346949] ohci-platform: OHCI generic platform driver
[    0.347461] uhci_hcd: USB Universal Host Controller Interface driver
[    0.348112] i8042: PNP: PS/2 Controller [PNP0303:PS2K,PNP0f03:PS2M] at 0x60,0x64 irq 1,12
[    0.349286] serio: i8042 KBD port at 0x60,0x64 irq 1
[    0.349794] serio: i8042 AUX port at 0x60,0x64 irq 12
[    0.350490] mousedev: PS/2 mouse device common for all mice
[    0.351500] input: AT Translated Set 2 keyboard as /devices/platform/i8042/serio0/input/input2
[    0.352444] rtc_cmos rtc_cmos: rtc core: registered rtc_cmos as rtc0
[    0.353234] rtc_cmos rtc_cmos: alarms up to one day, 114 bytes nvram
[    0.353939] i2c /dev entries driver
[    0.354343] device-mapper: uevent: version 1.0.3
[    0.354893] device-mapper: ioctl: 4.37.0-ioctl (2017-09-20) initialised: dm-devel@redhat.com
[    0.355836] ledtrig-cpu: registered to indicate activity on CPUs
[    0.356750] NET: Registered protocol family 10
[    0.359643] Segment Routing with IPv6
[    0.360103] NET: Registered protocol family 17
[    0.360673] Key type dns_resolver registered
[    0.361434] mce: Using 0 MCE banks
[    0.361915] RAS: Correctable Errors collector initialized.
[    0.362492] sched_clock: Marking stable (361415784, 0)->(550014251, -188598467)
[    0.363762] registered taskstats version 1
[    0.364289] Loading compiled-in X.509 certificates
[    0.366544] Loaded X.509 cert 'Build time autogenerated kernel key: 9ff85db0b1f72c0c954e4d2eaca5a9366845820b'
[    0.367518] zswap: loaded using pool lzo/zbud
[    0.370157] Key type big_key registered
[    0.370593] Key type trusted registered
[    0.372310] Key type encrypted registered
[    0.372761] AppArmor: AppArmor sha1 policy hashing enabled
[    0.373339] ima: No TPM chip found, activating TPM-bypass! (rc=-19)
[    0.373979] ima: Allocated hash algorithm: sha1
[    0.374476] evm: HMAC attrs: 0x1
[    0.375034]   Magic number: 11:439:767
[    0.375499] rtc_cmos rtc_cmos: setting system clock to 2019-11-10 04:46:58 UTC (1573361218)
[    0.376514] BIOS EDD facility v0.16 2004-Jun-25, 0 devices found
[    0.377109] EDD information not available.
[    0.501993] Freeing unused kernel image memory: 2436K
[    0.526260] Write protecting the kernel read-only data: 20480k
[    0.527837] Freeing unused kernel image memory: 2008K
[    0.528978] Freeing unused kernel image memory: 1972K
[    0.536091] x86/mm: Checked W+X mappings: passed, no W+X pages found.
[    0.537204] x86/mm: Checking user space page tables
[    0.544365] x86/mm: Checked W+X mappings: passed, no W+X pages found.
Loading, please wait...
starting version 237
[    0.600643] e1000: Intel(R) PRO/1000 Network Driver - version 7.3.21-k8-NAPI
[    0.601486] e1000: Copyright (c) 1999-2006 Intel Corporation.
[    0.607078] Fusion MPT base driver 3.04.20
[    0.607576] Copyright (c) 1999-2008 LSI Corporation
[    0.610872] Fusion MPT SPI Host driver 3.04.20
[    0.617539] AVX2 version of gcm_enc/dec engaged.
[    0.618146] AES CTR mode by8 optimization enabled
[    0.812879] input: ImExPS/2 Generic Explorer Mouse as /devices/platform/i8042/serio1/input/input4
[    0.942580] e1000 0000:00:03.0 eth0: (PCI:33MHz:32-bit) 02:ab:ce:93:e0:e3
[    0.943337] e1000 0000:00:03.0 eth0: Intel(R) PRO/1000 Network Connection
[    0.944684] mptbase: ioc0: Initiating bringup
[    1.040242] ioc0: LSI53C1030 A0: Capabilities={Initiator}
[    1.288062] scsi host2: ioc0: LSI53C1030 A0, FwRev=00000000h, Ports=1, MaxQ=256, IRQ=20
[    1.461144] scsi 2:0:0:0: Direct-Access     VBOX     HARDDISK         1.0  PQ: 0 ANSI: 5
[    1.492112] scsi target2:0:0: Beginning Domain Validation
[    1.495334] scsi target2:0:0: Domain Validation skipping write tests
[    1.496462] scsi target2:0:0: Ending Domain Validation
[    1.497554] scsi target2:0:0: asynchronous
[    1.499273] scsi 2:0:1:0: Direct-Access     VBOX     HARDDISK         1.0  PQ: 0 ANSI: 5
[    1.545853] scsi target2:0:1: Beginning Domain Validation
[    1.572472] scsi target2:0:1: Domain Validation skipping write tests
[    1.573242] scsi target2:0:1: Ending Domain Validation
[    1.573926] random: fast init done
[    1.574432] scsi target2:0:1: asynchronous
[    1.577259] random: systemd-udevd: uninitialized urandom read (16 bytes read)
[    1.578084] random: systemd-udevd: uninitialized urandom read (16 bytes read)
[    1.578841] random: systemd-udevd: uninitialized urandom read (16 bytes read)
[    1.579823] sd 2:0:0:0: [sda] 20971520 512-byte logical blocks: (10.7 GB/10.0 GiB)
[    1.580712] sd 2:0:0:0: [sda] Write Protect is off
[    1.581394] sd 2:0:0:0: [sda] Incomplete mode parameter data
[    1.582042] sd 2:0:0:0: [sda] Assuming drive cache: write through
[    1.582782] sd 2:0:0:0: Attached scsi generic sg0 type 0
[    1.584000]  sda: sda1
[    1.584586] sd 2:0:0:0: [sda] Attached SCSI disk
[    1.585337] sd 2:0:1:0: Attached scsi generic sg1 type 0
[    1.586065] sd 2:0:1:0: [sdb] 20480 512-byte logical blocks: (10.5 MB/10.0 MiB)
[    1.586884] sd 2:0:1:0: [sdb] Write Protect is off
[    1.587570] sd 2:0:1:0: [sdb] Incomplete mode parameter data
[    1.588219] sd 2:0:1:0: [sdb] Assuming drive cache: write through
[    1.591319] sd 2:0:1:0: [sdb] Attached SCSI disk
[    1.817217] e1000 0000:00:08.0 eth1: (PCI:33MHz:32-bit) 08:00:27:51:fb:76
[    1.818713] e1000 0000:00:08.0 eth1: Intel(R) PRO/1000 Network Connection
[    1.821443] e1000 0000:00:08.0 enp0s8: renamed from eth1
[    1.836339] e1000 0000:00:03.0 enp0s3: renamed from eth0
Begin: Loading essential drivers ... [    3.235818] raid6: sse2x1   gen() 16264 MB/s
[    3.285784] raid6: sse2x1   xor() 10922 MB/s
[    3.335790] raid6: sse2x2   gen() 19887 MB/s
[    3.385778] raid6: sse2x2   xor() 12760 MB/s
[    3.432310] raid6: sse2x4   gen() 21746 MB/s
[    3.485767] raid6: sse2x4   xor() 15059 MB/s
[    3.535770] raid6: avx2x1   gen() 32732 MB/s
[    3.584770] raid6: avx2x1   xor() 20013 MB/s
[    3.636153] raid6: avx2x2   gen() 33866 MB/s
[    3.686273] raid6: avx2x2   xor() 24123 MB/s
[    3.732009] raid6: avx2x4   gen() 42025 MB/s
[    3.780272] raid6: avx2x4   xor() 24980 MB/s
[    3.780865] raid6: using algorithm avx2x4 gen() 42025 MB/s
[    3.781399] raid6: .... xor() 24980 MB/s, rmw enabled
[    3.781896] raid6: using avx2x2 recovery algorithm
[    3.783318] xor: automatically using best checksumming function   avx       
[    3.784926] async_tx: api initialized (async)
done.
Begin: Running /scripts/init-premount ... done.
Begin: Mounting root file system ... Begin: Running /scripts/local-top ... done.
Begin: Running /scripts/local-premount ... [    3.813368] Btrfs loaded, crc32c=crc32c-intel
Scanning for Btrfs filesystems
done.
Warning: fsck not present, so skipping root file system
[    3.837257] EXT4-fs (sda1): mounted filesystem with ordered data mode. Opts: (null)
done.
Begin: Running /scripts/local-bottom ... done.
Begin: Running /scripts/init-bottom ... done.
[    4.130335] ip_tables: (C) 2000-2006 Netfilter Core Team
[    4.149304] systemd[1]: systemd 237 running in system mode. (+PAM +AUDIT +SELINUX +IMA +APPARMOR +SMACK +SYSVINIT +UTMP +LIBCRYPTSETUP +GCRYPT +GNUTLS +ACL +XZ +LZ4 +SECCOMP +BLKID +ELFUTILS +KMOD -IDN2 +IDN -PCRE2 default-hierarchy=hybrid)
[    4.157054] systemd[1]: Detected virtualization oracle.
[    4.158540] systemd[1]: Detected architecture x86-64.

Welcome to [1mUbuntu 18.04.3 LTS[0m!

[    4.168142] systemd[1]: Set hostname to <ubuntu>.
[    4.173776] systemd[1]: Initializing machine ID from random generator.
[    4.175604] systemd[1]: Installed transient /etc/machine-id file.
[    4.541959] systemd[1]: Started Forward Password Requests to Wall Directory Watch.
[[0;32m  OK  [0m] Started Forward Password Requests to Wall Directory Watch.
[    4.545708] systemd[1]: Set up automount Arbitrary Executable File Formats File System Automount Point.
[[0;32m  OK  [0m] Set up automount Arbitrary Executab…rmats File System Automount Point.
[    4.551054] systemd[1]: Created slice User and Session Slice.
[[0;32m  OK  [0m] Created slice User and Session Slice.
[    4.553099] systemd[1]: Created slice System Slice.
[[0;32m  OK  [0m] Created slice System Slice.
[[0;32m  OK  [0m] Listening on Journal Socket (/dev/log).
[[0;32m  OK  [0m] Listening on LVM2 poll daemon socket.
[[0;32m  OK  [0m] Listening on Device-mapper event daemon FIFOs.
[[0;32m  OK  [0m] Reached target Slices.
[[0;32m  OK  [0m] Reached target Swap.
[[0;32m  OK  [0m] Listening on /dev/initctl Compatibility Named Pipe.
[[0;32m  OK  [0m] Listening on udev Kernel Socket.
[[0;32m  OK  [0m] Listening on LVM2 metadata daemon socket.
[[0;32m  OK  [0m] Listening on Journal Audit Socket.
[[0;32m  OK  [0m] Reached target User and Group Name Lookups.
[[0;32m  OK  [0m] Created slice system-serial\x2dgetty.slice.
[[0;32m  OK  [0m] Listening on Network Service Netlink Socket.
[[0;32m  OK  [0m] Listening on Syslog Socket.
[[0;32m  OK  [0m] Listening on Journal Socket.
         Mounting Kernel Debug File System...
         Starting Monitoring of LVM2 mirrors…ng dmeventd or progress polling...
         Mounting Huge Pages File System...
         Starting Journal Service...
         Starting Set the console keyboard layout...
         Mounting POSIX Message Queue File System...
         Starting Uncomplicated firewall...
         Starting Remount Root and Kernel File Systems...
         Starting Create list of required st…ce nodes for the current kernel...
         Starting Load Kernel Modules...
[[0;32m  OK  [0m] Listening on udev Control Socket.
         Starting udev Coldplug all Devices...
[[0;32m  OK  [0m] Reached target System Time Synchronized.
[[0;32m  OK  [0m] Mounted Kernel Debug File System.
[[0;32m  OK  [0m] Mounted Huge Pages File System.
[[0;32m  OK  [0m] Mounted POSIX Message Queue File System.
[[0;32m  OK  [0m] Started LVM2 metadata daemon.
[[0;32m  OK  [0m] Started Journal Service.
[[0;32m  OK  [0m] Started Uncomplicated firewall.
[[0;32m  OK  [0m] Started Create list of required sta…vice nodes for the current kernel.
         Starting Create Static Device Nodes in /dev...
[    4.689046] Loading iSCSI transport class v2.0-870.
[    4.722708] EXT4-fs (sda1): re-mounted. Opts: (null)
[[0;32m  OK  [0m] Started Remount Root and Kernel File Systems.
[    4.729154] iscsi: registered transport (tcp)
[    4.741867] iscsi: registered transport (iser)
         Starting Flush Journal to Persistent Storage...
         Starting Load/Save Random Seed...
[[0;32m  OK  [0m] Started Monitoring of LVM2 mirrors,…sing dmeventd or progress polling.
[[0;32m  OK  [0m] Started Load Kernel Modules.
[[0;32m  OK  [0m] Started udev Coldplug all Devices.
         Mounting FUSE Control File System...
         Starting Apply Kernel Variables...
         Mounting Kernel Configuration File System...
[[0;32m  OK  [0m] Mounted FUSE Control File System.
[[0;32m  OK  [0m] Mounted Kernel Configuration File System.
[[0;32m  OK  [0m] Started Load/Save Random Seed.
[[0;32m  OK  [0m] Started Create Static Device Nodes in /dev.
         Starting udev Kernel Device Manager...
[[0;32m  OK  [0m] Started Apply Kernel Variables.
[[0;32m  OK  [0m] Started Flush Journal to Persistent Storage.
[[0;32m  OK  [0m] Started udev Kernel Device Manager.
[[0;32m  OK  [0m] Found device /dev/ttyS0.
[[0;32m  OK  [0m] Listening on Load/Save RF Kill Switch Status /dev/rfkill Watch.
[[0;32m  OK  [0m] Started Set the console keyboard layout.
[[0;32m  OK  [0m] Reached target Local File Systems (Pre).
[[0;32m  OK  [0m] Reached target Local File Systems.
         Starting Create Volatile Files and Directories...
         Starting Tell Plymouth To Write Out Runtime Data...
         Starting Set console font and keymap...
         Starting Commit a transient machine-id on disk...
         Starting AppArmor initialization...
         Starting ebtables ruleset management...
[[0;32m  OK  [0m] Started Dispatch Password Requests to Console Directory Watch.
[[0;32m  OK  [0m] Reached target Local Encrypted Volumes.
[[0;32m  OK  [0m] Started Set console font and keymap.
[[0;32m  OK  [0m] Started Tell Plymouth To Write Out Runtime Data.
[[0;32m  OK  [0m] Started Create Volatile Files and Directories.
         Starting Update UTMP about System Boot/Shutdown...
[[0;32m  OK  [0m] Started Update UTMP about System Boot/Shutdown.
[[0;32m  OK  [0m] Started Commit a transient machine-id on disk.
[[0;32m  OK  [0m] Started ebtables ruleset management.
[[0;32m  OK  [0m] Started AppArmor initialization.
         Starting Initial cloud-init job (pre-networking)...
[    6.846579] cloud-init[675]: Cloud-init v. 19.2-24-ge7881d5c-0ubuntu1~18.04.1 running 'init-local' at Sun, 10 Nov 2019 04:47:04 +0000. Up 6.61 seconds.
[[0;32m  OK  [0m] Started Initial cloud-init job (pre-networking).
[[0;32m  OK  [0m] Reached target Network (Pre).
         Starting Network Service...
[[0;32m  OK  [0m] Started Network Service.
         Starting Network Name Resolution...
         Starting Wait for Network to be Configured...
[[0;32m  OK  [0m] Started Network Name Resolution.
[[0;32m  OK  [0m] Reached target Network.
[[0;32m  OK  [0m] Reached target Host and Network Name Lookups.
[[0;32m  OK  [0m] Started Wait for Network to be Configured.
         Starting Initial cloud-init job (metadata service crawler)...
[    8.763027] cloud-init[788]: Cloud-init v. 19.2-24-ge7881d5c-0ubuntu1~18.04.1 running 'init' at Sun, 10 Nov 2019 04:47:06 +0000. Up 8.67 seconds.
[    8.764366] cloud-init[788]: ci-info: ++++++++++++++++++++++++++++++++++++++Net device info+++++++++++++++++++++++++++++++++++++++
[    8.765512] cloud-init[788]: ci-info: +--------+-------+----------------------------+---------------+--------+-------------------+
[    8.767228] cloud-init[788]: ci-info: | Device |   Up  |          Address           |      Mask     | Scope  |     Hw-Address    |
[    8.768181] cloud-init[788]: ci-info: +--------+-------+----------------------------+---------------+--------+-------------------+
[    8.769183] cloud-init[788]: ci-info: | enp0s3 |  True |         10.0.2.15          | 255.255.255.0 | global | 02:ab:ce:93:e0:e3 |
[    8.784154] cloud-init[788]: ci-info: | enp0s3 |  True | fe80::ab:ceff:fe93:e0e3/64 |       .       |  link  | 02:ab:ce:93:e0:e3 |
[    8.785037] cloud-init[788]: ci-info: | enp0s8 | False |             .              |       .       |   .    | 08:00:27:51:fb:76 |
[    8.785838] cloud-init[788]: ci-info: |   lo   |  True |         127.0.0.1          |   255.0.0.0   |  host  |         .         |
[    8.786626] cloud-init[788]: ci-info: |   lo   |  True |          ::1/128           |       .       |  host  |         .         |
[    8.787480] cloud-init[788]: ci-info: +--------+-------+----------------------------+---------------+--------+-------------------+
[    8.788245] cloud-init[788]: ci-info: ++++++++++++++++++++++++++++Route IPv4 info+++++++++++++++++++++++++++++
[    8.788925] cloud-init[788]: ci-info: +-------+-------------+----------+-----------------+-----------+-------+
[    8.789675] cloud-init[788]: ci-info: | Route | Destination | Gateway  |     Genmask     | Interface | Flags |
[    8.790378] cloud-init[788]: ci-info: +-------+-------------+----------+-----------------+-----------+-------+
[    8.791159] cloud-init[788]: ci-info: |   0   |   0.0.0.0   | 10.0.2.2 |     0.0.0.0     |   enp0s3  |   UG  |
[    8.792118] cloud-init[788]: ci-info: |   1   |   10.0.2.0  | 0.0.0.0  |  255.255.255.0  |   enp0s3  |   U   |
[    8.792829] cloud-init[788]: ci-info: |   2   |   10.0.2.2  | 0.0.0.0  | 255.255.255.255 |   enp0s3  |   UH  |
[    8.793502] cloud-init[788]: ci-info: +-------+-------------+----------+-----------------+-----------+-------+
[    8.794168] cloud-init[788]: ci-info: +++++++++++++++++++Route IPv6 info+++++++++++++++++++
[    8.794732] cloud-init[788]: ci-info: +-------+-------------+---------+-----------+-------+
[    8.795449] cloud-init[788]: ci-info: | Route | Destination | Gateway | Interface | Flags |
[    8.795960] cloud-init[788]: ci-info: +-------+-------------+---------+-----------+-------+
[    8.796687] cloud-init[788]: ci-info: |   1   |  fe80::/64  |    ::   |   enp0s3  |   U   |
[    8.797251] cloud-init[788]: ci-info: |   3   |    local    |    ::   |   enp0s3  |   U   |
[    8.797931] cloud-init[788]: ci-info: |   4   |   ff00::/8  |    ::   |   enp0s3  |   U   |
[    8.798467] cloud-init[788]: ci-info: +-------+-------------+---------+-----------+-------+
[    9.659119] cloud-init[788]: Generating public/private rsa key pair.
[    9.659646] cloud-init[788]: Your identification has been saved in /etc/ssh/ssh_host_rsa_key.
[    9.660291] cloud-init[788]: Your public key has been saved in /etc/ssh/ssh_host_rsa_key.pub.
[    9.660815] cloud-init[788]: The key fingerprint is:
[    9.661197] cloud-init[788]: SHA256:lxGQnkpILxgJMxOzq1lsh4Ci+PamQC6e0tUK9NYfC1A root@ubuntu-bionic
[    9.661816] cloud-init[788]: The key's randomart image is:
[    9.662239] cloud-init[788]: +---[RSA 2048]----+
[    9.662562] cloud-init[788]: |Bo .    .o.      |
[    9.662925] cloud-init[788]: |.*o . E .  .     |
[    9.663278] cloud-init[788]: |=  + + . ..      |
[    9.663627] cloud-init[788]: |++o.+ o o  o     |
[    9.663946] cloud-init[788]: |+o=..* .S o      |
[    9.664281] cloud-init[788]: |+=..+ = ..       |
[    9.664601] cloud-init[788]: |=oo+ . o o       |
[    9.664934] cloud-init[788]: |+oo.o   o        |
[    9.665343] cloud-init[788]: |.o.o.            |
[    9.665756] cloud-init[788]: +----[SHA256]-----+
[    9.666088] cloud-init[788]: Generating public/private dsa key pair.
[    9.666523] cloud-init[788]: Your identification has been saved in /etc/ssh/ssh_host_dsa_key.
[    9.667124] cloud-init[788]: Your public key has been saved in /etc/ssh/ssh_host_dsa_key.pub.
[    9.667794] cloud-init[788]: The key fingerprint is:
[    9.668150] cloud-init[788]: SHA256:X8RmN7D+JEfsJJTCXFUsTDaHnHycmkfe0l9PnCkTRG4 root@ubuntu-bionic
[    9.668785] cloud-init[788]: The key's randomart image is:
[    9.669205] cloud-init[788]: +---[DSA 1024]----+
[    9.669539] cloud-init[788]: |         o .*X=*+|
[    9.669904] cloud-init[788]: |          +oo*B=+|
[    9.670214] cloud-init[788]: |           .BE%=+|
[    9.670575] cloud-init[788]: |           =.@.**|
[    9.670899] cloud-init[788]: |        S   + Bo+|
[    9.671220] cloud-init[788]: |         . . =  o|
[    9.671541] cloud-init[788]: |          .   .  |
[    9.671861] cloud-init[788]: |                 |
[    9.672261] cloud-init[788]: |                 |
[    9.672594] cloud-init[788]: +----[SHA256]-----+
[    9.672949] cloud-init[788]: Generating public/private ecdsa key pair.
[    9.673422] cloud-init[788]: Your identification has been saved in /etc/ssh/ssh_host_ecdsa_key.
[    9.674037] cloud-init[788]: Your public key has been saved in /etc/ssh/ssh_host_ecdsa_key.pub.
[    9.674679] cloud-init[788]: The key fingerprint is:
[    9.675087] cloud-init[788]: SHA256:eDeVgd+hSiofTJ9LDuLXn+B8gQx9p3RfbaNfD2VU8Wc root@ubuntu-bionic
[    9.675762] cloud-init[788]: The key's randomart image is:
[    9.676135] cloud-init[788]: +---[ECDSA 256]---+
[    9.676493] cloud-init[788]: |           ..  .+|
[    9.676847] cloud-init[788]: |          .  o. o|
[    9.677197] cloud-init[788]: |         . .oo oE|
[    9.677530] cloud-init[788]: |       .o o.= +oB|
[    9.677884] cloud-init[788]: |      .oS*o* +.=o|
[    9.678246] cloud-init[788]: |      o.=.B.o.. o|
[    9.678612] cloud-init[788]: |     . + *.. ...o|
[    9.678984] cloud-init[788]: |      . oo+... ..|
[    9.679339] cloud-init[788]: |       .  ooo    |
[    9.679694] cloud-init[788]: +----[SHA256]-----+
[    9.680082] cloud-init[788]: Generating public/private ed25519 key pair.
[    9.680580] cloud-init[788]: Your identification has been saved in /etc/ssh/ssh_host_ed25519_key.
[    9.681166] cloud-init[788]: Your public key has been saved in /etc/ssh/ssh_host_ed25519_key.pub.
[    9.681784] cloud-init[788]: The key fingerprint is:
[    9.682203] cloud-init[788]: SHA256:Au1XAO68PiZpdb1ypGwTnMTvd99txsi37gkGP8QOH+4 root@ubuntu-bionic
[    9.682811] cloud-init[788]: The key's randomart image is:
[    9.683184] cloud-init[788]: +--[ED25519 256]--+
[    9.683524] cloud-init[788]: |      ...        |
[    9.683880] cloud-init[788]: |     o   .       |
[    9.684244] cloud-init[788]: |    . o.  .      |
[    9.684589] cloud-init[788]: |     =  o.  .    |
[    9.684946] cloud-init[788]: |      =oS+ o +   |
[    9.685360] cloud-init[788]: |      .+= + O .  |
[    9.685756] cloud-init[788]: |     o.o = . X o |
[    9.686151] cloud-init[788]: |    +.o * + + * O|
[    9.686561] cloud-init[788]: |   . o.o + . EoX=|
[    9.686970] cloud-init[788]: +----[SHA256]-----+
[[0;32m  OK  [0m] Started Initial cloud-init job (metadata service crawler).
[[0;32m  OK  [0m] Reached target System Initialization.
[[0;32m  OK  [0m] Listening on D-Bus System Message Bus Socket.
[[0;32m  OK  [0m] Started Discard unused blocks once a week.
[[0;32m  OK  [0m] Started Message of the Day.
         Starting Socket activation for snappy daemon.
[[0;32m  OK  [0m] Started ACPI Events Check.
[[0;32m  OK  [0m] Listening on ACPID Listen Socket.
[[0;32m  OK  [0m] Reached target Paths.
[[0;32m  OK  [0m] Started Daily Cleanup of Temporary Directories.
[[0;32m  OK  [0m] Listening on UUID daemon activation socket.
         Starting LXD - unix socket.
[[0;32m  OK  [0m] Listening on Open-iSCSI iscsid Socket.
[[0;32m  OK  [0m] Started Daily apt download activities.
[[0;32m  OK  [0m] Started Daily apt upgrade and clean activities.
[[0;32m  OK  [0m] Reached target Timers.
[[0;32m  OK  [0m] Reached target Network is Online.
         Starting Availability of block devices...
[[0;32m  OK  [0m] Reached target Remote File Systems (Pre).
[[0;32m  OK  [0m] Reached target Remote File Systems.
[[0;32m  OK  [0m] Reached target Cloud-config availability.
[[0;32m  OK  [0m] Listening on Socket activation for snappy daemon.
[[0;32m  OK  [0m] Listening on LXD - unix socket.
[[0;32m  OK  [0m] Reached target Sockets.
[[0;32m  OK  [0m] Reached target Basic System.
[[0;32m  OK  [0m] Started irqbalance daemon.
[[0;32m  OK  [0m] Started D-Bus System Message Bus.
[[0;32m  OK  [0m] Started FUSE filesystem for LXC.
         Starting Login Service...
         Starting System Logging Service...
[[0;32m  OK  [0m] Started Deferred execution scheduler.
         Starting Permit User Sessions...
         Starting Pollinate to seed the pseudo random number generator...
         Starting Dispatcher daemon for systemd-networkd...
[[0;32m  OK  [0m] Started Regular background program processing daemon.
         Starting Virtualbox guest utils...
         Starting LXD - container startup/shutdown...
         Starting LSB: automatic crash report generation...
         Starting LSB: Record successful boot for GRUB...
         Starting Accounts Service...
         Starting Snappy daemon...
[[0;32m  OK  [0m] Started System Logging Service.
[[0;32m  OK  [0m] Started Availability of block devices.
[[0;32m  OK  [0m] Started Permit User Sessions.
[[0;32m  OK  [0m] Started Login Service.
[[0;32m  OK  [0m] Started Unattended Upgrades Shutdown.
         Starting Terminate Plymouth Boot Screen...
         Starting Hold until boot process finishes up...
[[0;32m  OK  [0m] Started Terminate Plymouth Boot Screen.
[[0;32m  OK  [0m] Started Hold until boot process finishes up.
         Starting Set console scheme...
[[0;32m  OK  [0m] Started Serial Getty on ttyS0.
[[0;32m  OK  [0m] Started Set console scheme.
[[0;32m  OK  [0m] Created slice system-getty.slice.
[[0;32m  OK  [0m] Started Getty on tty1.
[[0;32m  OK  [0m] Reached target Login Prompts.
[[0;32m  OK  [0m] Started LSB: automatic crash report generation.
         Starting Authorization Manager...
[[0;32m  OK  [0m] Started LSB: Record successful boot for GRUB.
[[0;32m  OK  [0m] Started Authorization Manager.
[[0;32m  OK  [0m] Started Accounts Service.
[[0;32m  OK  [0m] Started Virtualbox guest utils.
[[0;32m  OK  [0m] Started LXD - container startup/shutdown.
[[0;32m  OK  [0m] Started Dispatcher daemon for systemd-networkd.
[[0;32m  OK  [0m] Started Snappy daemon.
         Starting Wait until snapd is fully seeded...
[[0;32m  OK  [0m] Started Pollinate to seed the pseudo random number generator.
         Starting OpenBSD Secure Shell server...
[[0;32m  OK  [0m] Started OpenBSD Secure Shell server.
[[0;32m  OK  [0m] Created slice User Slice of vagrant.
         Starting User Manager for UID 1000...
[[0;32m  OK  [0m] Started Session 1 of user vagrant.
[[0;32m  OK  [0m] Started User Manager for UID 1000.
[[0;32m  OK  [0m] Started Wait until snapd is fully seeded.
[[0;32m  OK  [0m] Reached target Multi-User System.
[[0;32m  OK  [0m] Reached target Graphical Interface.
         Starting Update UTMP about System Runlevel Changes...
         Starting Apply the settings specified in cloud-config...
[[0;32m  OK  [0m] Started Update UTMP about System Runlevel Changes.
[   13.465809] cloud-init[1403]: Cloud-init v. 19.2-24-ge7881d5c-0ubuntu1~18.04.1 running 'modules:config' at Sun, 10 Nov 2019 04:47:11 +0000. Up 13.06 seconds.
[[0;32m  OK  [0m] Started Apply the settings specified in cloud-config.
         Starting Execute cloud user/final scripts...
ci-info: no authorized ssh keys fingerprints found for user ubuntu.
<14>Nov 10 04:47:11 ec2: 
<14>Nov 10 04:47:11 ec2: #############################################################
<14>Nov 10 04:47:11 ec2: -----BEGIN SSH HOST KEY FINGERPRINTS-----
<14>Nov 10 04:47:11 ec2: 1024 SHA256:X8RmN7D+JEfsJJTCXFUsTDaHnHycmkfe0l9PnCkTRG4 root@ubuntu-bionic (DSA)
<14>Nov 10 04:47:11 ec2: 256 SHA256:eDeVgd+hSiofTJ9LDuLXn+B8gQx9p3RfbaNfD2VU8Wc root@ubuntu-bionic (ECDSA)
<14>Nov 10 04:47:11 ec2: 256 SHA256:Au1XAO68PiZpdb1ypGwTnMTvd99txsi37gkGP8QOH+4 root@ubuntu-bionic (ED25519)
<14>Nov 10 04:47:11 ec2: 2048 SHA256:lxGQnkpILxgJMxOzq1lsh4Ci+PamQC6e0tUK9NYfC1A root@ubuntu-bionic (RSA)
<14>Nov 10 04:47:11 ec2: -----END SSH HOST KEY FINGERPRINTS-----
<14>Nov 10 04:47:11 ec2: #############################################################
-----BEGIN SSH HOST KEY KEYS-----
ecdsa-sha2-nistp256 AAAAE2VjZHNhLXNoYTItbmlzdHAyNTYAAAAIbmlzdHAyNTYAAABBBFh+ShbQ2utBfB2g9IdKzA/e2o08ntksWoEAL0DadcIHWNc7OwF6oGEnxkYH5ywMuvw2x9CVCKTor37qQmwZIFc= root@ubuntu-bionic
ssh-ed25519 AAAAC3NzaC1lZDI1NTE5AAAAIFfFqG8Bcd0GWuPO8IJQaPAMNjejgjNNY+7fDnAp7rGl root@ubuntu-bionic
ssh-rsa AAAAB3NzaC1yc2EAAAADAQABAAABAQC0h0ICjD/h7rm1eghcA2WhXhZgMRUv9aPf6SJUsD7AOoZGpEXLc+39KD/PuLUC95ad6JaIxUuRiUQNlW80Oa9enYz/q1UNoiyawJ/WV635ak8CDoyvF5yWtl1ew/uXmVhb+1g2/+QJq48TiW/GGFgAZ+3h43KhhvDKUITSgChaXKtj4FRkrz5MkBXxwhrZgoK0IUq/xxcUVLSLp4utdWTyhMToFG2Slhj1hXqlohoigXV+Ye2oVPbeWdIwFXwQa1Q6w6sf8LNqGF3J8YnRebTuDgkD2/dhhZ3kutEpS2TrEXApkeKdZMD+20OUG/h/Yyor2lj2k9/6BLylR1P7Y/P7 root@ubuntu-bionic
-----END SSH HOST KEY KEYS-----
[   13.838489] cloud-init[1491]: Cloud-init v. 19.2-24-ge7881d5c-0ubuntu1~18.04.1 running 'modules:final' at Sun, 10 Nov 2019 04:47:11 +0000. Up 13.73 seconds.
[   13.839444] cloud-init[1491]: ci-info: no authorized ssh keys fingerprints found for user ubuntu.
[   13.840197] cloud-init[1491]: Cloud-init v. 19.2-24-ge7881d5c-0ubuntu1~18.04.1 finished at Sun, 10 Nov 2019 04:47:11 +0000. Datasource DataSourceNoCloud [seed=/dev/sdb][dsmode=net].  Up 13.83 seconds
[[0;32m  OK  [0m] Started Execute cloud user/final scripts.
[[0;32m  OK  [0m] Reached target Cloud-init target.

Ubuntu 18.04.3 LTS ubuntu-bionic ttyS0

ubuntu-bionic login: 